[22:12:35] 模块: kejian07b | 批次数: 4 | 输出: /home/thesumst/development/jizu/notebooklm-raw/kejian07b/runs/20260619-221235
[22:12:35] 同步认证…
[22:12:39] 认证 OK
[22:12:39] 选定 Notebook: e87c0462-b512-40df-8d6a-a0f5d4d30c81
[22:12:45] --- batch 1/4: [L1] kejian07b-part1-physical ---
[22:12:45] 清空会话上下文 (notebooklm clear)
[22:12:45] 提问 (228 字, nlm_timeout=120s)…
[22:13:14] 尝试 1 失败 [unknown]: 
[22:13:14] 重试 1/3，等待 15s…
[22:13:29] 提问 (228 字, nlm_timeout=120s)…
[22:13:58] 尝试 2 失败 [unknown]: 
[22:13:58] 重试 2/3，等待 30s…
[22:14:27] 提问 (228 字, nlm_timeout=120s)…
[22:14:56] 尝试 3 失败 [unknown]: 
[22:14:56] 重试 3/3，等待 60s…
[22:15:54] 提问 (228 字, nlm_timeout=120s)…
[22:16:23] 尝试 4 失败 [unknown]: 
[22:16:23] 失败 kejian07b-part1-physical (217.7s) [unknown]: 
[22:16:23] --- batch 2/4: [L2+L3] kejian07b-part2-cache ---
[22:16:23] 清空会话上下文 (notebooklm clear)
[22:16:23] 提问 (288 字, nlm_timeout=120s)…
[22:16:52] 尝试 1 失败 [unknown]: 
[22:16:52] 重试 1/3，等待 15s…
[22:17:07] 提问 (288 字, nlm_timeout=120s)…
[22:17:36] 尝试 2 失败 [unknown]: 
[22:17:36] 重试 2/3，等待 30s…
[22:18:04] 提问 (288 字, nlm_timeout=120s)…
[22:18:33] 尝试 3 失败 [unknown]: 
[22:18:33] 重试 3/3，等待 60s…
[22:19:05] 模块: kejian07b | 批次数: 1 | 输出: /home/thesumst/development/jizu/notebooklm-raw/kejian07b/runs/20260619-221235
[22:19:05] 同步认证…
[22:19:07] 认证 OK
[22:19:07] 选定 Notebook: e87c0462-b512-40df-8d6a-a0f5d4d30c81
[22:19:12] --- batch 1/1: [L1] kejian07b-part1-physical ---
[22:19:12] 清空会话上下文 (notebooklm clear)
[22:19:12] 提问 (228 字, nlm_timeout=180.0s)…
[22:19:31] 提问 (288 字, nlm_timeout=120s)…
[22:20:00] 尝试 4 失败 [unknown]: 
[22:20:00] 失败 kejian07b-part2-cache (217.5s) [unknown]: 
[22:20:00] --- batch 3/4: [L2+L3] kejian07b-part3-sv39 ---
[22:20:00] 清空会话上下文 (notebooklm clear)
[22:20:00] 提问 (346 字, nlm_timeout=120s)…
[22:20:01] 完成 kejian07b-part1-physical (48.3s)
[22:20:01] 采集结束: status=partial | ok=1 skipped=0 failed=0/4 | 重试 0 次 | 耗时 55.47s
[22:20:07] 模块: kejian07b | 批次数: 4 | 输出: /home/thesumst/development/jizu/notebooklm-raw/kejian07b/runs/20260619-221235
[22:20:07] 同步认证…
[22:20:09] 认证 OK
[22:20:09] 选定 Notebook: e87c0462-b512-40df-8d6a-a0f5d4d30c81
[22:20:13] --- batch 2/4: [L2+L3] kejian07b-part2-cache ---
[22:20:13] 清空会话上下文 (notebooklm clear)
[22:20:13] 提问 (288 字, nlm_timeout=180.0s)…
[22:20:29] 尝试 1 失败 [unknown]: 
[22:20:29] 重试 1/3，等待 15s…
[22:20:44] 提问 (346 字, nlm_timeout=120s)…
[22:21:13] 尝试 2 失败 [unknown]: 
[22:21:13] 重试 2/3，等待 30s…
[22:21:29] 完成 kejian07b-part2-cache (75.5s)
[22:21:29] 等待 8.0s…
[22:21:37] --- batch 3/4: [L2+L3] kejian07b-part3-sv39 ---
[22:21:37] 清空会话上下文 (notebooklm clear)
[22:21:37] 提问 (346 字, nlm_timeout=180.0s)…
[22:21:42] 提问 (346 字, nlm_timeout=120s)…
[22:22:11] 尝试 3 失败 [unknown]: 
[22:22:11] 重试 3/3，等待 60s…
[22:22:31] 完成 kejian07b-part3-sv39 (54.4s)
[22:22:31] 等待 8.0s…
[22:22:39] --- batch 4/4: [L3] kejian07b-mistakes ---
[22:22:39] 清空会话上下文 (notebooklm clear)
[22:22:40] 提问 (233 字, nlm_timeout=180.0s)…
[22:23:09] 提问 (346 字, nlm_timeout=120s)…
[22:23:29] 完成 kejian07b-mistakes (49.2s)
[22:23:29] 采集结束: status=completed | ok=4 skipped=0 failed=0/4 | 重试 0 次 | 耗时 201.33s
[22:23:38] 尝试 4 失败 [unknown]: 
[22:23:38] 失败 kejian07b-part3-sv39 (217.4s) [unknown]: 
[22:23:38] --- batch 4/4: [L3] kejian07b-mistakes ---
[22:23:38] 清空会话上下文 (notebooklm clear)
[22:23:38] 提问 (233 字, nlm_timeout=120s)…
[22:24:07] 尝试 1 失败 [unknown]: 
[22:24:07] 重试 1/3，等待 15s…
[22:24:22] 提问 (233 字, nlm_timeout=120s)…
[22:24:51] 尝试 2 失败 [unknown]: 
[22:24:51] 重试 2/3，等待 30s…
[22:25:20] 提问 (233 字, nlm_timeout=120s)…
[22:25:49] 尝试 3 失败 [unknown]: 
[22:25:49] 重试 3/3，等待 60s…
[22:26:46] 提问 (233 字, nlm_timeout=120s)…
[22:27:15] 尝试 4 失败 [unknown]: 
[22:27:15] 失败 kejian07b-mistakes (217.4s) [unknown]: 
[22:27:15] 采集结束: status=failed | ok=0 skipped=0 failed=4/4 | 重试 0 次 | 耗时 880.1s | 待重跑: kejian07b-part1-physical, kejian07b-part2-cache, kejian07b-part3-sv39, kejian07b-mistakes
