[23:54:23] 模块: kejian09 | 批次数: 5 | 输出: /home/thesumst/development/jizu/notebooklm-raw/kejian09/runs/20260619-235423
[23:54:23] 同步认证…
[23:54:25] 认证 OK
[23:54:25] 选定 Notebook: e87c0462-b512-40df-8d6a-a0f5d4d30c81
[23:54:28] --- batch 1/5: [L2] kejian09-part1-fivestage ---
[23:54:28] 清空会话上下文 (notebooklm clear)
[23:54:29] 提问 (214 字, nlm_timeout=180.0s)…
[23:55:15] 完成 kejian09-part1-fivestage (45.9s)
[23:55:15] 等待 8.0s…
[23:55:21] --- batch 2/5: [L2] kejian09-part2-memflow ---
[23:55:21] 清空会话上下文 (notebooklm clear)
[23:55:21] 提问 (126 字, nlm_timeout=180.0s)…
[23:56:07] 完成 kejian09-part2-memflow (45.5s)
[23:56:07] 等待 8.0s…
[23:56:15] --- batch 3/5: [L2+L3] kejian09-part3-flush ---
[23:56:15] 清空会话上下文 (notebooklm clear)
[23:56:15] 提问 (204 字, nlm_timeout=180.0s)…
[23:57:05] 完成 kejian09-part3-flush (49.9s)
[23:57:05] 等待 8.0s…
[23:57:13] --- batch 4/5: [L2] kejian09-part4-prediction ---
[23:57:13] 清空会话上下文 (notebooklm clear)
[23:57:13] 提问 (108 字, nlm_timeout=180.0s)…
[23:58:07] 完成 kejian09-part4-prediction (53.8s)
[23:58:07] 等待 8.0s…
[23:58:15] --- batch 5/5: [L3] kejian09-mistakes ---
[23:58:15] 清空会话上下文 (notebooklm clear)
[23:58:15] 提问 (177 字, nlm_timeout=180.0s)…
[23:59:02] 完成 kejian09-mistakes (47.0s)
[23:59:02] 采集结束: status=completed | ok=5 skipped=0 failed=0/5 | 重试 0 次 | 耗时 278.97s
