[23:58:49] 模块: kejian09 | 批次数: 5 | 输出: /home/thesumst/development/jizu/notebooklm-raw/kejian09/runs/20260619-235849
[23:58:49] 同步认证…
[23:58:50] 认证 OK
[23:58:50] 选定 Notebook: e87c0462-b512-40df-8d6a-a0f5d4d30c81
[23:58:53] --- batch 1/5: [L2] kejian09-part1-fivestage ---
[23:58:53] 清空会话上下文 (notebooklm clear)
[23:58:53] 提问 (214 字, nlm_timeout=180.0s)…
[23:59:34] 完成 kejian09-part1-fivestage (41.0s)
[23:59:34] 等待 8.0s…
[23:59:42] --- batch 2/5: [L2] kejian09-part2-memflow ---
[23:59:42] 清空会话上下文 (notebooklm clear)
[23:59:42] 提问 (126 字, nlm_timeout=180.0s)…
[00:00:54] 完成 kejian09-part2-memflow (71.3s)
[00:00:54] 等待 8.0s…
[00:01:00] --- batch 3/5: [L2+L3] kejian09-part3-flush ---
[00:01:00] 清空会话上下文 (notebooklm clear)
[00:01:01] 提问 (204 字, nlm_timeout=180.0s)…
[00:01:06] 尝试 1 失败 [unknown]: 
[00:01:06] 重试 1/3，等待 15s…
[00:01:21] 提问 (204 字, nlm_timeout=180.0s)…
[00:02:06] 完成 kejian09-part3-flush (65.3s, 重试 1 次)
[00:02:06] 等待 8.0s…
[00:02:14] --- batch 4/5: [L2] kejian09-part4-prediction ---
[00:02:14] 清空会话上下文 (notebooklm clear)
[00:02:14] 提问 (108 字, nlm_timeout=180.0s)…
[00:03:09] 完成 kejian09-part4-prediction (55.2s)
[00:03:09] 等待 8.0s…
[00:03:17] --- batch 5/5: [L3] kejian09-mistakes ---
[00:03:17] 清空会话上下文 (notebooklm clear)
[00:03:17] 提问 (177 字, nlm_timeout=180.0s)…
[00:03:59] 完成 kejian09-mistakes (41.9s)
[00:03:59] 采集结束: status=completed | ok=5 skipped=0 failed=0/5 | 重试 1 次 | 耗时 310.75s
