[15:06:36] 模块: part1-week1-3 | 批次数: 6 | 输出: /home/thesumst/.cursor/worktrees/jizu__SSH__wsl_/q26h/notebooklm-raw/part1-week1-3/runs/20260616-150636
[15:06:36] 同步认证…
[15:06:36] 认证 OK
[15:06:36] 选定 Notebook: e87c0462-b512-40df-8d6a-a0f5d4d30c81
[15:06:42] --- batch 1/6: [L0] L0-positioning ---
[15:06:42] 清空会话上下文 (notebooklm clear)
[15:06:42] 提问 (136 字, nlm_timeout=120s)…
[15:07:30] 完成 L0-positioning (48.4s)
[15:07:30] 等待 8.0s…
[15:07:38] --- batch 2/6: [L1+L2] w1-von-neumann ---
[15:07:38] 清空会话上下文 (notebooklm clear)
[15:07:38] 提问 (105 字, nlm_timeout=120s)…
[15:08:22] 完成 w1-von-neumann (43.4s)
[15:08:22] 等待 8.0s…
[15:08:30] --- batch 3/6: [L2] w2-datapath-controls ---
[15:08:30] 清空会话上下文 (notebooklm clear)
[15:08:30] 提问 (160 字, nlm_timeout=120s)…
[15:09:15] 完成 w2-datapath-controls (45.1s)
[15:09:15] 等待 8.0s…
[15:09:23] --- batch 4/6: [L2] w3-cisc-risc-isa ---
[15:09:23] 清空会话上下文 (notebooklm clear)
[15:09:23] 提问 (133 字, nlm_timeout=120s)…
[15:10:23] 完成 w3-cisc-risc-isa (59.6s)
[15:10:23] 等待 8.0s…
[15:10:31] --- batch 5/6: [L5] lab13-crossref ---
[15:10:31] 清空会话上下文 (notebooklm clear)
[15:10:31] 提问 (150 字, nlm_timeout=120s)…
[15:11:19] 完成 lab13-crossref (48.5s)
[15:11:19] 等待 8.0s…
[15:11:27] --- batch 6/6: [L3+L4] w13-mistakes-bridge ---
[15:11:27] 清空会话上下文 (notebooklm clear)
[15:11:27] 提问 (93 字, nlm_timeout=120s)…
[15:12:18] 完成 w13-mistakes-bridge (50.8s)
[15:12:18] 采集结束: status=completed | ok=6 skipped=0 failed=0/6 | 重试 0 次 | 耗时 341.86s
