[23:45:14] 模块: kejian02 | 批次数: 6 | 输出: /home/thesumst/development/jizu/notebooklm-raw/kejian02/runs/20260619-234514
[23:45:14] 同步认证…
[23:45:16] 认证 OK
[23:45:16] 选定 Notebook: e87c0462-b512-40df-8d6a-a0f5d4d30c81
[23:45:20] --- batch 1/6: [L2] kejian02-partA-fixed ---
[23:45:20] 清空会话上下文 (notebooklm clear)
[23:45:20] 提问 (214 字, nlm_timeout=180.0s)…
[23:46:16] 完成 kejian02-partA-fixed (55.6s)
[23:46:16] 等待 8.0s…
[23:46:24] --- batch 2/6: [L2+L3] kejian02-partB-ieee754 ---
[23:46:24] 清空会话上下文 (notebooklm clear)
[23:46:23] 提问 (174 字, nlm_timeout=180.0s)…
[23:47:12] 完成 kejian02-partB-ieee754 (49.4s)
[23:47:12] 等待 8.0s…
[23:47:20] --- batch 3/6: [L2+L3] kejian02-partC-special ---
[23:47:20] 清空会话上下文 (notebooklm clear)
[23:47:20] 提问 (177 字, nlm_timeout=180.0s)…
[23:48:06] 完成 kejian02-partC-special (45.5s)
[23:48:06] 等待 8.0s…
[23:48:14] --- batch 4/6: [L1] kejian02-partD-ai-formats ---
[23:48:14] 清空会话上下文 (notebooklm clear)
[23:48:14] 提问 (121 字, nlm_timeout=180.0s)…
[23:49:07] 完成 kejian02-partD-ai-formats (53.6s)
[23:49:07] 等待 8.0s…
[23:49:15] --- batch 5/6: [L2] kejian02-partE-endian ---
[23:49:15] 清空会话上下文 (notebooklm clear)
[23:49:16] 提问 (135 字, nlm_timeout=180.0s)…
[23:49:57] 完成 kejian02-partE-endian (41.2s)
[23:49:57] 等待 8.0s…
[23:50:03] --- batch 6/6: [L3] kejian02-mistakes ---
[23:50:03] 清空会话上下文 (notebooklm clear)
[23:50:04] 提问 (151 字, nlm_timeout=180.0s)…
[23:50:51] 完成 kejian02-mistakes (47.7s)
[23:50:51] 采集结束: status=completed | ok=6 skipped=0 failed=0/6 | 重试 0 次 | 耗时 336.9s
