[15:01:20] 模块: part7-week15 | 批次数: 5 | 输出: /home/thesumst/.cursor/worktrees/jizu__SSH__wsl_/q26h/notebooklm-raw/part7-week15/runs/20260616-150120
[15:01:20] 同步认证…
[15:01:20] 认证 OK
[15:01:20] 选定 Notebook: e87c0462-b512-40df-8d6a-a0f5d4d30c81
[15:01:25] --- batch 1/5: [L0] L0-final-scope ---
[15:01:25] 清空会话上下文 (notebooklm clear)
[15:01:26] 提问 (153 字, nlm_timeout=120s)…
[15:01:26] 尝试 1 失败 [unknown]: Server disconnected without sending a response.
[15:01:26] 重试 1/3，等待 15s…
[15:01:41] 提问 (153 字, nlm_timeout=120s)…
[15:02:37] 完成 L0-final-scope (71.2s, 重试 1 次)
[15:02:37] 等待 8.0s…
[15:02:45] --- batch 2/5: [L2] w15-io-disk-raid ---
[15:02:45] 清空会话上下文 (notebooklm clear)
[15:02:45] 提问 (118 字, nlm_timeout=120s)…
[15:03:33] 完成 w15-io-disk-raid (48.3s)
[15:03:33] 等待 8.0s…
[15:03:41] --- batch 3/5: [L4] w15-review-backend ---
[15:03:41] 清空会话上下文 (notebooklm clear)
[15:03:41] 提问 (146 字, nlm_timeout=120s)…
[15:03:42] 尝试 1 失败 [unknown]: Server disconnected without sending a response.
[15:03:42] 重试 1/3，等待 15s…
[15:03:57] 提问 (146 字, nlm_timeout=120s)…
[15:04:48] 完成 w15-review-backend (66.4s, 重试 1 次)
[15:04:48] 等待 8.0s…
[15:04:56] --- batch 4/5: [L5] lab-final-crossref ---
[15:04:56] 清空会话上下文 (notebooklm clear)
[15:04:56] 提问 (170 字, nlm_timeout=120s)…
[15:05:38] 完成 lab-final-crossref (42.1s)
[15:05:38] 等待 8.0s…
[15:05:46] --- batch 5/5: [L4] w15-study-priority ---
[15:05:46] 清空会话上下文 (notebooklm clear)
[15:05:46] 提问 (98 字, nlm_timeout=120s)…
[15:06:36] 完成 w15-study-priority (50.1s)
[15:06:36] 采集结束: status=completed | ok=5 skipped=0 failed=0/5 | 重试 2 次 | 耗时 316.07s
