[17:10:58] 模块: part8-week16 | 批次数: 6 | 输出: /home/thesumst/.cursor/worktrees/jizu__SSH__wsl_/q26h/notebooklm-raw/part8-week16/runs/20260619-171058
[17:10:58] 同步认证…
[17:11:02] 认证 OK
[17:11:02] 选定 Notebook: e87c0462-b512-40df-8d6a-a0f5d4d30c81
[17:11:06] --- batch 1/6: [L0] L0-w16-review-scope ---
[17:11:06] 清空会话上下文 (notebooklm clear)
[17:11:07] 提问 (182 字, nlm_timeout=120s)…
[17:11:52] 完成 L0-w16-review-scope (45.1s)
[17:11:52] 等待 8.0s…
[17:12:00] --- batch 2/6: [L3] w16-tomasulo ---
[17:12:00] 清空会话上下文 (notebooklm clear)
[17:12:00] 提问 (211 字, nlm_timeout=120s)…
[17:12:49] 完成 w16-tomasulo (49.6s)
[17:12:49] 等待 8.0s…
[17:12:57] --- batch 3/6: [L3] w16-cache-amat ---
[17:12:57] 清空会话上下文 (notebooklm clear)
[17:12:58] 提问 (156 字, nlm_timeout=120s)…
[17:13:46] 完成 w16-cache-amat (48.0s)
[17:13:46] 等待 8.0s…
[17:13:54] --- batch 4/6: [L3] w16-vm-tlb ---
[17:13:54] 清空会话上下文 (notebooklm clear)
[17:13:54] 提问 (201 字, nlm_timeout=120s)…
[17:14:35] 完成 w16-vm-tlb (41.6s)
[17:14:35] 等待 8.0s…
[17:14:43] --- batch 5/6: [L3] w16-coherence-fence ---
[17:14:43] 清空会话上下文 (notebooklm clear)
[17:14:44] 提问 (157 字, nlm_timeout=120s)…
[17:15:27] 完成 w16-coherence-fence (43.2s)
[17:15:27] 等待 8.0s…
[17:15:35] --- batch 6/6: [L3] w16-interconnect-dma ---
[17:15:35] 清空会话上下文 (notebooklm clear)
[17:15:35] 提问 (183 字, nlm_timeout=120s)…
[17:16:21] 完成 w16-interconnect-dma (46.2s)
[17:16:21] 采集结束: status=completed | ok=6 skipped=0 failed=0/6 | 重试 0 次 | 耗时 322.6s
