[23:23:32] 模块: kejian01 | 批次数: 6 | 输出: /home/thesumst/development/jizu/notebooklm-raw/kejian01/runs/20260619-232332
[23:23:32] 同步认证…
[23:23:39] 认证 OK
[23:23:39] 选定 Notebook: e87c0462-b512-40df-8d6a-a0f5d4d30c81
[23:23:43] --- batch 1/6: [L1] kejian01-partA-intro ---
[23:23:43] 清空会话上下文 (notebooklm clear)
[23:23:43] 提问 (235 字, nlm_timeout=180.0s)…
[23:24:29] 完成 kejian01-partA-intro (45.9s)
[23:24:29] 等待 8.0s…
[23:24:36] --- batch 2/6: [L1] kejian01-partB-vonneumann ---
[23:24:36] 清空会话上下文 (notebooklm clear)
[23:24:36] 提问 (172 字, nlm_timeout=180.0s)…
[23:25:21] 完成 kejian01-partB-vonneumann (45.0s)
[23:25:21] 等待 8.0s…
[23:25:29] --- batch 3/6: [L2] kejian01-partC-hierarchy ---
[23:25:29] 清空会话上下文 (notebooklm clear)
[23:25:30] 提问 (204 字, nlm_timeout=180.0s)…
[23:26:14] 完成 kejian01-partC-hierarchy (44.8s)
[23:26:14] 等待 8.0s…
[23:26:22] --- batch 4/6: [L2] kejian01-partD-compile ---
[23:26:22] 清空会话上下文 (notebooklm clear)
[23:26:23] 提问 (153 字, nlm_timeout=180.0s)…
[23:27:05] 完成 kejian01-partD-compile (42.9s)
[23:27:05] 等待 8.0s…
[23:27:12] --- batch 5/6: [L2+L3] kejian01-partE-performance ---
[23:27:12] 清空会话上下文 (notebooklm clear)
[23:27:12] 提问 (254 字, nlm_timeout=180.0s)…
[23:27:59] 完成 kejian01-partE-performance (46.6s)
[23:27:59] 等待 8.0s…
[23:28:07] --- batch 6/6: [L3] kejian01-mistakes ---
[23:28:07] 清空会话上下文 (notebooklm clear)
[23:28:07] 提问 (157 字, nlm_timeout=180.0s)…
[23:29:00] 完成 kejian01-mistakes (52.7s)
[23:29:00] 采集结束: status=completed | ok=6 skipped=0 failed=0/6 | 重试 0 次 | 耗时 327.96s
