[15:17:45] 模块: part2-week4-6 | 批次数: 5 | 输出: /home/thesumst/.cursor/worktrees/jizu__SSH__wsl_/q26h/notebooklm-raw/part2-week4-6/runs/20260616-151745
[15:17:45] 同步认证…
[15:17:45] 认证 OK
[15:17:45] 选定 Notebook: e87c0462-b512-40df-8d6a-a0f5d4d30c81
[15:17:50] --- batch 1/5: [L0] L0-positioning ---
[15:17:50] 清空会话上下文 (notebooklm clear)
[15:17:51] 提问 (139 字, nlm_timeout=120s)…
[15:18:42] 完成 L0-positioning (51.2s)
[15:18:42] 等待 8.0s…
[15:18:50] --- batch 2/5: [L2] w4-integer-repr ---
[15:18:50] 清空会话上下文 (notebooklm clear)
[15:18:50] 提问 (84 字, nlm_timeout=120s)…
[15:19:40] 完成 w4-integer-repr (50.1s)
[15:19:40] 等待 8.0s…
[15:19:48] --- batch 3/5: [L2] w5-ieee754 ---
[15:19:48] 清空会话上下文 (notebooklm clear)
[15:19:48] 提问 (123 字, nlm_timeout=120s)…
[15:19:49] 尝试 1 失败 [unknown]: Server disconnected without sending a response.
[15:19:49] 重试 1/3，等待 15s…
[15:20:04] 提问 (123 字, nlm_timeout=120s)…
[15:20:56] 完成 w5-ieee754 (68.0s, 重试 1 次)
[15:20:56] 等待 8.0s…
[15:21:04] --- batch 4/5: [L2] w6-multicycle-fsm ---
[15:21:04] 清空会话上下文 (notebooklm clear)
[15:21:04] 提问 (126 字, nlm_timeout=120s)…
[15:21:49] 完成 w6-multicycle-fsm (45.0s)
[15:21:49] 等待 8.0s…
[15:21:57] --- batch 5/5: [L3+L4] w46-mistakes-bridge ---
[15:21:57] 清空会话上下文 (notebooklm clear)
[15:21:57] 提问 (97 字, nlm_timeout=120s)…
[15:22:41] 完成 w46-mistakes-bridge (43.8s)
[15:22:41] 采集结束: status=completed | ok=5 skipped=0 failed=0/5 | 重试 1 次 | 耗时 296.29s
