[22:36:16] 模块: kejian01 | 批次数: 6 | 输出: /home/thesumst/development/jizu/notebooklm-raw/kejian01/runs/20260619-223616
[22:36:16] 同步认证…
[22:36:18] 认证 OK
[22:36:18] 选定 Notebook: e87c0462-b512-40df-8d6a-a0f5d4d30c81
[22:36:22] --- batch 1/6: [L1] kejian01-partA-intro ---
[22:36:22] 清空会话上下文 (notebooklm clear)
[22:36:22] 提问 (235 字, nlm_timeout=120s)…
[22:36:51] 尝试 1 失败 [unknown]: 
[22:36:51] 重试 1/3，等待 15s…
[22:37:05] 提问 (235 字, nlm_timeout=120s)…
[22:37:34] 尝试 2 失败 [unknown]: 
[22:37:34] 重试 2/3，等待 30s…
[22:38:04] 提问 (235 字, nlm_timeout=120s)…
[22:38:33] 尝试 3 失败 [unknown]: 
[22:38:33] 重试 3/3，等待 60s…
[22:39:30] 提问 (235 字, nlm_timeout=120s)…
[22:39:59] 尝试 4 失败 [unknown]: 
[22:39:59] 失败 kejian01-partA-intro (217.4s) [unknown]: 
[22:39:59] --- batch 2/6: [L1] kejian01-partB-vonneumann ---
[22:39:59] 清空会话上下文 (notebooklm clear)
[22:39:59] 提问 (172 字, nlm_timeout=120s)…
[22:40:28] 尝试 1 失败 [unknown]: 
[22:40:28] 重试 1/3，等待 15s…
[22:40:42] 提问 (172 字, nlm_timeout=120s)…
[22:41:12] 尝试 2 失败 [unknown]: 
[22:41:12] 重试 2/3，等待 30s…
[22:41:41] 提问 (172 字, nlm_timeout=120s)…
[22:42:10] 尝试 3 失败 [unknown]: 
[22:42:10] 重试 3/3，等待 60s…
[22:43:08] 提问 (172 字, nlm_timeout=120s)…
[22:43:37] 尝试 4 失败 [unknown]: 
[22:43:37] 失败 kejian01-partB-vonneumann (217.1s) [unknown]: 
[22:43:37] --- batch 3/6: [L2] kejian01-partC-hierarchy ---
[22:43:37] 清空会话上下文 (notebooklm clear)
[22:43:37] 提问 (204 字, nlm_timeout=120s)…
[22:44:06] 尝试 1 失败 [unknown]: 
[22:44:06] 重试 1/3，等待 15s…
[22:44:19] 提问 (204 字, nlm_timeout=120s)…
[22:44:49] 尝试 2 失败 [unknown]: 
[22:44:49] 重试 2/3，等待 30s…
[22:45:18] 提问 (204 字, nlm_timeout=120s)…
[22:45:47] 尝试 3 失败 [unknown]: 
[22:45:47] 重试 3/3，等待 60s…
[22:46:45] 提问 (204 字, nlm_timeout=120s)…
[22:47:14] 尝试 4 失败 [unknown]: 
[22:47:14] 失败 kejian01-partC-hierarchy (217.0s) [unknown]: 
[22:47:14] --- batch 4/6: [L2] kejian01-partD-compile ---
[22:47:14] 清空会话上下文 (notebooklm clear)
[22:47:14] 提问 (153 字, nlm_timeout=120s)…
[22:47:43] 尝试 1 失败 [unknown]: 
[22:47:43] 重试 1/3，等待 15s…
[22:47:58] 提问 (153 字, nlm_timeout=120s)…
[22:48:27] 尝试 2 失败 [unknown]: 
[22:48:27] 重试 2/3，等待 30s…
[22:48:56] 提问 (153 字, nlm_timeout=120s)…
[22:49:24] 尝试 3 失败 [unknown]: 
[22:49:24] 重试 3/3，等待 60s…
[22:50:22] 提问 (153 字, nlm_timeout=120s)…
[22:50:51] 尝试 4 失败 [unknown]: 
[22:50:51] 失败 kejian01-partD-compile (217.1s) [unknown]: 
[22:50:51] --- batch 5/6: [L2+L3] kejian01-partE-performance ---
[22:50:51] 清空会话上下文 (notebooklm clear)
[22:50:51] 提问 (254 字, nlm_timeout=120s)…
[22:51:20] 尝试 1 失败 [unknown]: 
[22:51:20] 重试 1/3，等待 15s…
[22:51:35] 提问 (254 字, nlm_timeout=120s)…
[22:52:04] 尝试 2 失败 [unknown]: 
[22:52:04] 重试 2/3，等待 30s…
[22:52:33] 提问 (254 字, nlm_timeout=120s)…
[22:53:02] 尝试 3 失败 [unknown]: 
[22:53:02] 重试 3/3，等待 60s…
[22:53:59] 提问 (254 字, nlm_timeout=120s)…
[22:54:28] 尝试 4 失败 [unknown]: 
[22:54:28] 失败 kejian01-partE-performance (217.0s) [unknown]: 
[22:54:28] --- batch 6/6: [L3] kejian01-mistakes ---
[22:54:28] 清空会话上下文 (notebooklm clear)
[22:54:28] 提问 (157 字, nlm_timeout=120s)…
[22:54:57] 尝试 1 失败 [unknown]: 
[22:54:57] 重试 1/3，等待 15s…
[22:55:12] 提问 (157 字, nlm_timeout=120s)…
[22:55:41] 尝试 2 失败 [unknown]: 
[22:55:41] 重试 2/3，等待 30s…
[22:56:10] 提问 (157 字, nlm_timeout=120s)…
[22:56:39] 尝试 3 失败 [unknown]: 
[22:56:39] 重试 3/3，等待 60s…
[22:57:36] 提问 (157 字, nlm_timeout=120s)…
[22:58:05] 尝试 4 失败 [unknown]: 
[22:58:05] 失败 kejian01-mistakes (216.9s) [unknown]: 
[22:58:05] 采集结束: status=failed | ok=0 skipped=0 failed=6/6 | 重试 0 次 | 耗时 1309.14s | 待重跑: kejian01-partA-intro, kejian01-partB-vonneumann, kejian01-partC-hierarchy, kejian01-partD-compile, kejian01-partE-performance, kejian01-mistakes
[22:58:22] 模块: kejian01 | 批次数: 1 | 输出: /home/thesumst/development/jizu/notebooklm-raw/kejian01/runs/20260619-223616
[22:58:22] 同步认证…
[22:58:24] 认证 OK
[22:58:24] 选定 Notebook: e87c0462-b512-40df-8d6a-a0f5d4d30c81
[22:58:27] --- batch 1/1: [L1] kejian01-partA-intro ---
[22:58:27] 清空会话上下文 (notebooklm clear)
[22:58:27] 提问 (235 字, nlm_timeout=300.0s)…
[22:58:57] 尝试 1 失败 [unknown]: 
[22:58:57] 重试 1/3，等待 15s…
[22:59:11] 提问 (235 字, nlm_timeout=300.0s)…
[22:59:40] 尝试 2 失败 [unknown]: 
[22:59:40] 重试 2/3，等待 30s…
[23:00:09] 提问 (235 字, nlm_timeout=300.0s)…
[23:00:38] 尝试 3 失败 [unknown]: 
[23:00:38] 重试 3/3，等待 60s…
[23:01:35] 提问 (235 字, nlm_timeout=300.0s)…
[23:02:05] 尝试 4 失败 [unknown]: 
[23:02:05] 失败 kejian01-partA-intro (218.1s) [unknown]: 
[23:02:05] 采集结束: status=failed | ok=0 skipped=0 failed=6/6 | 重试 0 次 | 耗时 222.76s | 待重跑: kejian01-partB-vonneumann, kejian01-partC-hierarchy, kejian01-partD-compile, kejian01-partE-performance, kejian01-mistakes, kejian01-partA-intro
