[14:55:43] 模块: part6-week13-14 | 批次数: 6 | 输出: /home/thesumst/.cursor/worktrees/jizu__SSH__wsl_/q26h/notebooklm-raw/part6-week13-14/runs/20260616-145543
[14:55:43] 同步认证…
[14:55:43] 认证 OK
[14:55:43] 选定 Notebook: e87c0462-b512-40df-8d6a-a0f5d4d30c81
[14:55:48] --- batch 1/6: [L0] L0-positioning ---
[14:55:48] 清空会话上下文 (notebooklm clear)
[14:55:48] 提问 (136 字, nlm_timeout=120s)…
[14:56:34] 完成 L0-positioning (45.8s)
[14:56:34] 等待 8.0s…
[14:56:42] --- batch 2/6: [L1+L2] w13-coherence-problem ---
[14:56:42] 清空会话上下文 (notebooklm clear)
[14:56:42] 提问 (106 字, nlm_timeout=120s)…
[14:57:29] 完成 w13-coherence-problem (46.6s)
[14:57:29] 等待 8.0s…
[14:57:37] --- batch 3/6: [L2] w13-directory-vs-snoop ---
[14:57:37] 清空会话上下文 (notebooklm clear)
[14:57:37] 提问 (100 字, nlm_timeout=120s)…
[14:58:20] 完成 w13-directory-vs-snoop (43.4s)
[14:58:20] 等待 8.0s…
[14:58:28] --- batch 4/6: [L2] w13-write-update-invalidate ---
[14:58:28] 清空会话上下文 (notebooklm clear)
[14:58:29] 提问 (114 字, nlm_timeout=120s)…
[14:59:14] 完成 w13-write-update-invalidate (45.2s)
[14:59:14] 等待 8.0s…
[14:59:22] --- batch 5/6: [L2] w14-mesi-numa ---
[14:59:22] 清空会话上下文 (notebooklm clear)
[14:59:22] 提问 (126 字, nlm_timeout=120s)…
[15:00:20] 完成 w14-mesi-numa (58.3s)
[15:00:20] 等待 8.0s…
[15:00:28] --- batch 6/6: [L3+L4] w1314-mistakes-bridge ---
[15:00:28] 清空会话上下文 (notebooklm clear)
[15:00:28] 提问 (104 字, nlm_timeout=120s)…
[15:01:20] 完成 w1314-mistakes-bridge (51.7s)
[15:01:20] 采集结束: status=completed | ok=6 skipped=0 failed=0/6 | 重试 0 次 | 耗时 337.38s
