[23:45:17] 模块: kejian03 | 批次数: 5 | 输出: /home/thesumst/development/jizu/notebooklm-raw/kejian03/runs/20260619-234517
[23:45:17] 同步认证…
[23:45:19] 认证 OK
[23:45:19] 选定 Notebook: e87c0462-b512-40df-8d6a-a0f5d4d30c81
[23:45:22] --- batch 1/5: [L2] kejian03-part1-alu ---
[23:45:22] 清空会话上下文 (notebooklm clear)
[23:45:22] 提问 (208 字, nlm_timeout=180.0s)…
[23:46:03] 完成 kejian03-part1-alu (41.5s)
[23:46:03] 等待 8.0s…
[23:46:11] --- batch 2/5: [L2+L3] kejian03-part2-addflags ---
[23:46:11] 清空会话上下文 (notebooklm clear)
[23:46:11] 提问 (149 字, nlm_timeout=180.0s)…
[23:46:59] 完成 kejian03-part2-addflags (48.1s)
[23:46:59] 等待 8.0s…
[23:47:07] --- batch 3/5: [L2] kejian03-part3-muldiv ---
[23:47:07] 清空会话上下文 (notebooklm clear)
[23:47:08] 提问 (141 字, nlm_timeout=180.0s)…
[23:47:55] 完成 kejian03-part3-muldiv (47.2s)
[23:47:55] 等待 8.0s…
[23:48:02] --- batch 4/5: [L2] kejian03-part4-floatop ---
[23:48:02] 清空会话上下文 (notebooklm clear)
[23:48:02] 提问 (117 字, nlm_timeout=180.0s)…
[23:48:45] 完成 kejian03-part4-floatop (42.9s)
[23:48:45] 等待 8.0s…
[23:48:53] --- batch 5/5: [L3] kejian03-mistakes ---
[23:48:53] 清空会话上下文 (notebooklm clear)
[23:48:53] 提问 (144 字, nlm_timeout=180.0s)…
[23:49:41] 完成 kejian03-mistakes (48.1s)
[23:49:41] 采集结束: status=completed | ok=5 skipped=0 failed=0/5 | 重试 0 次 | 耗时 263.66s
