[2026-06-19T22:30:39+08:00] resume kejian05b
[22:30:39] 模块: kejian05b | 批次数: 6 | 输出: /home/thesumst/development/jizu/notebooklm-raw/kejian05b/runs/20260619-222348
[22:30:39] 同步认证…
[22:30:41] 认证 OK
[22:30:41] 选定 Notebook: e87c0462-b512-40df-8d6a-a0f5d4d30c81
[22:30:45] 采集结束: status=completed | ok=6 skipped=0 failed=0/6 | 重试 0 次 | 耗时 5.75s
[2026-06-19T22:30:45+08:00] resume kejian08
[22:30:45] 模块: kejian08 | 批次数: 5 | 输出: /home/thesumst/development/jizu/notebooklm-raw/kejian08/runs/20260619-222348
[22:30:45] 同步认证…
[22:30:45] 认证 OK
[22:30:45] 选定 Notebook: e87c0462-b512-40df-8d6a-a0f5d4d30c81
[2026-06-19T22:35:40+08:00] collect kejian01
[2026-06-19T22:35:40+08:00] collect kejian01
[22:35:40] 模块: kejian01 | 批次数: 6 | 输出: /home/thesumst/development/jizu/notebooklm-raw/kejian01/runs/20260619-223540
[22:35:40] 模块: kejian01 | 批次数: 6 | 输出: /home/thesumst/development/jizu/notebooklm-raw/kejian01/runs/20260619-223540
[22:35:40] 同步认证…
[22:35:40] 同步认证…
[22:35:41] 认证 OK
[22:35:41] 认证 OK
[22:35:41] 选定 Notebook: e87c0462-b512-40df-8d6a-a0f5d4d30c81
[22:35:41] 选定 Notebook: e87c0462-b512-40df-8d6a-a0f5d4d30c81
[2026-06-19T22:36:16+08:00] collect kejian01
[2026-06-19T22:36:16+08:00] collect kejian01
[22:36:16] 模块: kejian01 | 批次数: 6 | 输出: /home/thesumst/development/jizu/notebooklm-raw/kejian01/runs/20260619-223616
[22:36:16] 模块: kejian01 | 批次数: 6 | 输出: /home/thesumst/development/jizu/notebooklm-raw/kejian01/runs/20260619-223616
[22:36:16] 同步认证…
[22:36:16] 同步认证…
[22:36:18] 认证 OK
[22:36:18] 选定 Notebook: e87c0462-b512-40df-8d6a-a0f5d4d30c81
[22:36:18] 认证 OK
[22:36:18] 选定 Notebook: e87c0462-b512-40df-8d6a-a0f5d4d30c81
[22:36:22] --- batch 1/6: [L1] kejian01-partA-intro ---
[22:36:22] 清空会话上下文 (notebooklm clear)
[22:36:22] --- batch 1/6: [L1] kejian01-partA-intro ---
[22:36:22] 清空会话上下文 (notebooklm clear)
[22:36:22] 提问 (235 字, nlm_timeout=120s)…
[22:36:22] 提问 (235 字, nlm_timeout=120s)…
[22:36:51] 尝试 1 失败 [unknown]: 
[22:36:51] 尝试 1 失败 [unknown]: 
[22:36:51] 重试 1/3，等待 15s…
[22:36:51] 重试 1/3，等待 15s…
[22:37:05] 提问 (235 字, nlm_timeout=120s)…
[22:37:05] 提问 (235 字, nlm_timeout=120s)…
[22:37:34] 尝试 2 失败 [unknown]: 
[22:37:34] 尝试 2 失败 [unknown]: 
[22:37:34] 重试 2/3，等待 30s…
[22:37:34] 重试 2/3，等待 30s…
[22:38:04] 提问 (235 字, nlm_timeout=120s)…
[22:38:04] 提问 (235 字, nlm_timeout=120s)…
[22:38:33] 尝试 3 失败 [unknown]: 
[22:38:33] 尝试 3 失败 [unknown]: 
[22:38:33] 重试 3/3，等待 60s…
[22:38:33] 重试 3/3，等待 60s…
[22:39:30] 提问 (235 字, nlm_timeout=120s)…
[22:39:30] 提问 (235 字, nlm_timeout=120s)…
[22:39:59] 尝试 4 失败 [unknown]: 
[22:39:59] 尝试 4 失败 [unknown]: 
[22:39:59] 失败 kejian01-partA-intro (217.4s) [unknown]: 
[22:39:59] 失败 kejian01-partA-intro (217.4s) [unknown]: 
[22:39:59] --- batch 2/6: [L1] kejian01-partB-vonneumann ---
[22:39:59] --- batch 2/6: [L1] kejian01-partB-vonneumann ---
[22:39:59] 清空会话上下文 (notebooklm clear)
[22:39:59] 清空会话上下文 (notebooklm clear)
[22:39:59] 提问 (172 字, nlm_timeout=120s)…
[22:39:59] 提问 (172 字, nlm_timeout=120s)…
[22:40:28] 尝试 1 失败 [unknown]: 
[22:40:28] 尝试 1 失败 [unknown]: 
[22:40:28] 重试 1/3，等待 15s…
[22:40:28] 重试 1/3，等待 15s…
[22:40:42] 提问 (172 字, nlm_timeout=120s)…
[22:40:42] 提问 (172 字, nlm_timeout=120s)…
[22:41:12] 尝试 2 失败 [unknown]: 
[22:41:12] 尝试 2 失败 [unknown]: 
[22:41:12] 重试 2/3，等待 30s…
[22:41:12] 重试 2/3，等待 30s…
[22:41:41] 提问 (172 字, nlm_timeout=120s)…
[22:41:41] 提问 (172 字, nlm_timeout=120s)…
[22:42:10] 尝试 3 失败 [unknown]: 
[22:42:10] 尝试 3 失败 [unknown]: 
[22:42:10] 重试 3/3，等待 60s…
[22:42:10] 重试 3/3，等待 60s…
[22:43:08] 提问 (172 字, nlm_timeout=120s)…
[22:43:08] 提问 (172 字, nlm_timeout=120s)…
[22:43:37] 尝试 4 失败 [unknown]: 
[22:43:37] 尝试 4 失败 [unknown]: 
[22:43:37] 失败 kejian01-partB-vonneumann (217.1s) [unknown]: 
[22:43:37] 失败 kejian01-partB-vonneumann (217.1s) [unknown]: 
[22:43:37] --- batch 3/6: [L2] kejian01-partC-hierarchy ---
[22:43:37] 清空会话上下文 (notebooklm clear)
[22:43:37] --- batch 3/6: [L2] kejian01-partC-hierarchy ---
[22:43:37] 清空会话上下文 (notebooklm clear)
[22:43:37] 提问 (204 字, nlm_timeout=120s)…
[22:43:37] 提问 (204 字, nlm_timeout=120s)…
[22:44:06] 尝试 1 失败 [unknown]: 
[22:44:06] 尝试 1 失败 [unknown]: 
[22:44:06] 重试 1/3，等待 15s…
[22:44:06] 重试 1/3，等待 15s…
[22:44:19] 提问 (204 字, nlm_timeout=120s)…
[22:44:19] 提问 (204 字, nlm_timeout=120s)…
[22:44:49] 尝试 2 失败 [unknown]: 
[22:44:49] 尝试 2 失败 [unknown]: 
[22:44:49] 重试 2/3，等待 30s…
[22:44:49] 重试 2/3，等待 30s…
[22:45:18] 提问 (204 字, nlm_timeout=120s)…
[22:45:18] 提问 (204 字, nlm_timeout=120s)…
[22:45:47] 尝试 3 失败 [unknown]: 
[22:45:47] 尝试 3 失败 [unknown]: 
[22:45:47] 重试 3/3，等待 60s…
[22:45:47] 重试 3/3，等待 60s…
[22:46:45] 提问 (204 字, nlm_timeout=120s)…
[22:46:45] 提问 (204 字, nlm_timeout=120s)…
[22:47:14] 尝试 4 失败 [unknown]: 
[22:47:14] 尝试 4 失败 [unknown]: 
[22:47:14] 失败 kejian01-partC-hierarchy (217.0s) [unknown]: 
[22:47:14] 失败 kejian01-partC-hierarchy (217.0s) [unknown]: 
[22:47:14] --- batch 4/6: [L2] kejian01-partD-compile ---
[22:47:14] --- batch 4/6: [L2] kejian01-partD-compile ---
[22:47:14] 清空会话上下文 (notebooklm clear)
[22:47:14] 清空会话上下文 (notebooklm clear)
[22:47:14] 提问 (153 字, nlm_timeout=120s)…
[22:47:14] 提问 (153 字, nlm_timeout=120s)…
[22:47:43] 尝试 1 失败 [unknown]: 
[22:47:43] 尝试 1 失败 [unknown]: 
[22:47:43] 重试 1/3，等待 15s…
[22:47:43] 重试 1/3，等待 15s…
[22:47:58] 提问 (153 字, nlm_timeout=120s)…
[22:47:58] 提问 (153 字, nlm_timeout=120s)…
[22:48:27] 尝试 2 失败 [unknown]: 
[22:48:27] 尝试 2 失败 [unknown]: 
[22:48:27] 重试 2/3，等待 30s…
[22:48:27] 重试 2/3，等待 30s…
[22:48:56] 提问 (153 字, nlm_timeout=120s)…
[22:48:56] 提问 (153 字, nlm_timeout=120s)…
[22:49:24] 尝试 3 失败 [unknown]: 
[22:49:24] 重试 3/3，等待 60s…
[22:49:24] 尝试 3 失败 [unknown]: 
[22:49:24] 重试 3/3，等待 60s…
[22:50:22] 提问 (153 字, nlm_timeout=120s)…
[22:50:22] 提问 (153 字, nlm_timeout=120s)…
[22:50:51] 尝试 4 失败 [unknown]: 
[22:50:51] 尝试 4 失败 [unknown]: 
[22:50:51] 失败 kejian01-partD-compile (217.1s) [unknown]: 
[22:50:51] 失败 kejian01-partD-compile (217.1s) [unknown]: 
[22:50:51] --- batch 5/6: [L2+L3] kejian01-partE-performance ---
[22:50:51] 清空会话上下文 (notebooklm clear)
[22:50:51] --- batch 5/6: [L2+L3] kejian01-partE-performance ---
[22:50:51] 清空会话上下文 (notebooklm clear)
[22:50:51] 提问 (254 字, nlm_timeout=120s)…
[22:50:51] 提问 (254 字, nlm_timeout=120s)…
[22:51:20] 尝试 1 失败 [unknown]: 
[22:51:20] 尝试 1 失败 [unknown]: 
[22:51:20] 重试 1/3，等待 15s…
[22:51:20] 重试 1/3，等待 15s…
[22:51:35] 提问 (254 字, nlm_timeout=120s)…
[22:51:35] 提问 (254 字, nlm_timeout=120s)…
[22:52:04] 尝试 2 失败 [unknown]: 
[22:52:04] 尝试 2 失败 [unknown]: 
[22:52:04] 重试 2/3，等待 30s…
[22:52:04] 重试 2/3，等待 30s…
[22:52:33] 提问 (254 字, nlm_timeout=120s)…
[22:52:33] 提问 (254 字, nlm_timeout=120s)…
[22:53:02] 尝试 3 失败 [unknown]: 
[22:53:02] 尝试 3 失败 [unknown]: 
[22:53:02] 重试 3/3，等待 60s…
[22:53:02] 重试 3/3，等待 60s…
[22:53:59] 提问 (254 字, nlm_timeout=120s)…
[22:53:59] 提问 (254 字, nlm_timeout=120s)…
[22:54:28] 尝试 4 失败 [unknown]: 
[22:54:28] 尝试 4 失败 [unknown]: 
[22:54:28] 失败 kejian01-partE-performance (217.0s) [unknown]: 
[22:54:28] 失败 kejian01-partE-performance (217.0s) [unknown]: 
[22:54:28] --- batch 6/6: [L3] kejian01-mistakes ---
[22:54:28] --- batch 6/6: [L3] kejian01-mistakes ---
[22:54:28] 清空会话上下文 (notebooklm clear)
[22:54:28] 清空会话上下文 (notebooklm clear)
[22:54:28] 提问 (157 字, nlm_timeout=120s)…
[22:54:28] 提问 (157 字, nlm_timeout=120s)…
[22:54:57] 尝试 1 失败 [unknown]: 
[22:54:57] 尝试 1 失败 [unknown]: 
[22:54:57] 重试 1/3，等待 15s…
[22:54:57] 重试 1/3，等待 15s…
[22:55:12] 提问 (157 字, nlm_timeout=120s)…
[22:55:12] 提问 (157 字, nlm_timeout=120s)…
[22:55:41] 尝试 2 失败 [unknown]: 
[22:55:41] 尝试 2 失败 [unknown]: 
[22:55:41] 重试 2/3，等待 30s…
[22:55:41] 重试 2/3，等待 30s…
[22:56:10] 提问 (157 字, nlm_timeout=120s)…
[22:56:10] 提问 (157 字, nlm_timeout=120s)…
[22:56:39] 尝试 3 失败 [unknown]: 
[22:56:39] 尝试 3 失败 [unknown]: 
[22:56:39] 重试 3/3，等待 60s…
[22:56:39] 重试 3/3，等待 60s…
[22:57:36] 提问 (157 字, nlm_timeout=120s)…
[22:57:36] 提问 (157 字, nlm_timeout=120s)…
[22:58:05] 尝试 4 失败 [unknown]: 
[22:58:05] 失败 kejian01-mistakes (216.9s) [unknown]: 
[22:58:05] 尝试 4 失败 [unknown]: 
[22:58:05] 失败 kejian01-mistakes (216.9s) [unknown]: 
[22:58:05] 采集结束: status=failed | ok=0 skipped=0 failed=6/6 | 重试 0 次 | 耗时 1309.14s | 待重跑: kejian01-partA-intro, kejian01-partB-vonneumann, kejian01-partC-hierarchy, kejian01-partD-compile, kejian01-partE-performance, kejian01-mistakes
[22:58:05] 采集结束: status=failed | ok=0 skipped=0 failed=6/6 | 重试 0 次 | 耗时 1309.14s | 待重跑: kejian01-partA-intro, kejian01-partB-vonneumann, kejian01-partC-hierarchy, kejian01-partD-compile, kejian01-partE-performance, kejian01-mistakes
[2026-06-19T23:11:32+08:00] collect kejian01 attempt 1/3
[2026-06-19T23:11:32+08:00] collect kejian01 attempt 1/3
[23:11:32] 模块: kejian01 | 批次数: 6 | 输出: /home/thesumst/development/jizu/notebooklm-raw/kejian01/runs/20260619-231132
[23:11:32] 模块: kejian01 | 批次数: 6 | 输出: /home/thesumst/development/jizu/notebooklm-raw/kejian01/runs/20260619-231132
[23:11:32] 同步认证…
[23:11:32] 同步认证…
[23:11:34] 认证 OK
[23:11:34] 认证 OK
[23:11:34] 选定 Notebook: e87c0462-b512-40df-8d6a-a0f5d4d30c81
[23:11:34] 选定 Notebook: e87c0462-b512-40df-8d6a-a0f5d4d30c81
[2026-06-19T23:23:32+08:00] collect kejian01 attempt 1/3
[2026-06-19T23:23:32+08:00] collect kejian01 attempt 1/3
[23:23:32] 模块: kejian01 | 批次数: 6 | 输出: /home/thesumst/development/jizu/notebooklm-raw/kejian01/runs/20260619-232332
[23:23:32] 模块: kejian01 | 批次数: 6 | 输出: /home/thesumst/development/jizu/notebooklm-raw/kejian01/runs/20260619-232332
[23:23:32] 同步认证…
[23:23:32] 同步认证…
[23:23:39] 认证 OK
[23:23:39] 认证 OK
[23:23:39] 选定 Notebook: e87c0462-b512-40df-8d6a-a0f5d4d30c81
[23:23:39] 选定 Notebook: e87c0462-b512-40df-8d6a-a0f5d4d30c81
[23:23:43] --- batch 1/6: [L1] kejian01-partA-intro ---
[23:23:43] --- batch 1/6: [L1] kejian01-partA-intro ---
[23:23:43] 清空会话上下文 (notebooklm clear)
[23:23:43] 清空会话上下文 (notebooklm clear)
[23:23:43] 提问 (235 字, nlm_timeout=180.0s)…
[23:23:43] 提问 (235 字, nlm_timeout=180.0s)…
[23:24:29] 完成 kejian01-partA-intro (45.9s)
[23:24:29] 完成 kejian01-partA-intro (45.9s)
[23:24:29] 等待 8.0s…
[23:24:29] 等待 8.0s…
[23:24:36] --- batch 2/6: [L1] kejian01-partB-vonneumann ---
[23:24:36] --- batch 2/6: [L1] kejian01-partB-vonneumann ---
[23:24:36] 清空会话上下文 (notebooklm clear)
[23:24:36] 清空会话上下文 (notebooklm clear)
[23:24:36] 提问 (172 字, nlm_timeout=180.0s)…
[23:24:36] 提问 (172 字, nlm_timeout=180.0s)…
[23:25:21] 完成 kejian01-partB-vonneumann (45.0s)
[23:25:21] 完成 kejian01-partB-vonneumann (45.0s)
[23:25:21] 等待 8.0s…
[23:25:21] 等待 8.0s…
[23:25:29] --- batch 3/6: [L2] kejian01-partC-hierarchy ---
[23:25:29] --- batch 3/6: [L2] kejian01-partC-hierarchy ---
[23:25:29] 清空会话上下文 (notebooklm clear)
[23:25:29] 清空会话上下文 (notebooklm clear)
[23:25:30] 提问 (204 字, nlm_timeout=180.0s)…
[23:25:30] 提问 (204 字, nlm_timeout=180.0s)…
[23:26:14] 完成 kejian01-partC-hierarchy (44.8s)
[23:26:14] 完成 kejian01-partC-hierarchy (44.8s)
[23:26:14] 等待 8.0s…
[23:26:14] 等待 8.0s…
[23:26:22] --- batch 4/6: [L2] kejian01-partD-compile ---
[23:26:22] --- batch 4/6: [L2] kejian01-partD-compile ---
[23:26:22] 清空会话上下文 (notebooklm clear)
[23:26:22] 清空会话上下文 (notebooklm clear)
[23:26:23] 提问 (153 字, nlm_timeout=180.0s)…
[23:26:23] 提问 (153 字, nlm_timeout=180.0s)…
[23:27:05] 完成 kejian01-partD-compile (42.9s)
[23:27:05] 完成 kejian01-partD-compile (42.9s)
[23:27:05] 等待 8.0s…
[23:27:05] 等待 8.0s…
[23:27:12] --- batch 5/6: [L2+L3] kejian01-partE-performance ---
[23:27:12] --- batch 5/6: [L2+L3] kejian01-partE-performance ---
[23:27:12] 清空会话上下文 (notebooklm clear)
[23:27:12] 清空会话上下文 (notebooklm clear)
[23:27:12] 提问 (254 字, nlm_timeout=180.0s)…
[23:27:12] 提问 (254 字, nlm_timeout=180.0s)…
[23:27:59] 完成 kejian01-partE-performance (46.6s)
[23:27:59] 完成 kejian01-partE-performance (46.6s)
[23:27:59] 等待 8.0s…
[23:27:59] 等待 8.0s…
[23:28:07] --- batch 6/6: [L3] kejian01-mistakes ---
[23:28:07] --- batch 6/6: [L3] kejian01-mistakes ---
[23:28:07] 清空会话上下文 (notebooklm clear)
[23:28:07] 清空会话上下文 (notebooklm clear)
[23:28:07] 提问 (157 字, nlm_timeout=180.0s)…
[23:28:07] 提问 (157 字, nlm_timeout=180.0s)…
[23:29:00] 完成 kejian01-mistakes (52.7s)
[23:29:00] 完成 kejian01-mistakes (52.7s)
[23:29:00] 采集结束: status=completed | ok=6 skipped=0 failed=0/6 | 重试 0 次 | 耗时 327.96s
[23:29:00] 采集结束: status=completed | ok=6 skipped=0 failed=0/6 | 重试 0 次 | 耗时 327.96s
[2026-06-19T23:29:00+08:00] done kejian01
[2026-06-19T23:29:00+08:00] done kejian01
[2026-06-19T23:29:00+08:00] collect kejian04 attempt 1/3
[2026-06-19T23:29:00+08:00] collect kejian04 attempt 1/3
[23:29:00] 模块: kejian04 | 批次数: 5 | 输出: /home/thesumst/development/jizu/notebooklm-raw/kejian04/runs/20260619-232900
[23:29:00] 模块: kejian04 | 批次数: 5 | 输出: /home/thesumst/development/jizu/notebooklm-raw/kejian04/runs/20260619-232900
[23:29:00] 同步认证…
[23:29:00] 同步认证…
[23:29:03] 运行中止: sync-auth 失败:
[WARN] 认证已失效（token fetch 失败）
[OK] 已同步: /home/thesumst/.notebooklm/storage_state.json

请在 Windows 重新登录（用户手动，Agent 勿从 WSL 触发）：
  桌面: C:\Users\Sum\Desktop\notebooklm-login.ps1
  或 PowerShell:
    cd E:\_WSL\Cowork\notebooklm-py_Prepare
    .\venv\Scripts\Activate.ps1
    python fix_login_edge.py

登录完成后在 WSL 运行: python3 scripts/sync-auth.py --force
详见: ~/service/openclaw/workspace/skills/notebooklm-integration/docs/auth-sop.md



认证失败。勿在 WSL 运行 notebooklm login。
请用户在 Windows 运行桌面 notebooklm-login.ps1 或 fix_login_edge.py，
再在 WSL: python3 ~/service/openclaw/workspace/skills/notebooklm-integration/scripts/sync-auth.py --force
详见: ~/service/openclaw/workspace/skills/notebooklm-integration/docs/auth-sop.md
[23:29:03] 运行中止: sync-auth 失败:
[WARN] 认证已失效（token fetch 失败）
[OK] 已同步: /home/thesumst/.notebooklm/storage_state.json

请在 Windows 重新登录（用户手动，Agent 勿从 WSL 触发）：
  桌面: C:\Users\Sum\Desktop\notebooklm-login.ps1
  或 PowerShell:
    cd E:\_WSL\Cowork\notebooklm-py_Prepare
    .\venv\Scripts\Activate.ps1
    python fix_login_edge.py

登录完成后在 WSL 运行: python3 scripts/sync-auth.py --force
详见: ~/service/openclaw/workspace/skills/notebooklm-integration/docs/auth-sop.md



认证失败。勿在 WSL 运行 notebooklm login。
请用户在 Windows 运行桌面 notebooklm-login.ps1 或 fix_login_edge.py，
再在 WSL: python3 ~/service/openclaw/workspace/skills/notebooklm-integration/scripts/sync-auth.py --force
详见: ~/service/openclaw/workspace/skills/notebooklm-integration/docs/auth-sop.md
[2026-06-19T23:29:03+08:00] retry pending for kejian04
[2026-06-19T23:29:03+08:00] retry pending for kejian04
[2026-06-19T23:29:32+08:00] collect kejian04 attempt 2/3
[2026-06-19T23:29:32+08:00] collect kejian04 attempt 2/3
[23:29:32] 模块: kejian04 | 批次数: 5 | 输出: /home/thesumst/development/jizu/notebooklm-raw/kejian04/runs/20260619-232932
[23:29:32] 模块: kejian04 | 批次数: 5 | 输出: /home/thesumst/development/jizu/notebooklm-raw/kejian04/runs/20260619-232932
[23:29:32] 同步认证…
[23:29:32] 同步认证…
[23:29:33] 认证 OK
[23:29:33] 认证 OK
[23:29:33] 选定 Notebook: e87c0462-b512-40df-8d6a-a0f5d4d30c81
[23:29:33] 选定 Notebook: e87c0462-b512-40df-8d6a-a0f5d4d30c81
[23:29:37] --- batch 1/5: [L1] kejian04-partA-isa ---
[23:29:37] --- batch 1/5: [L1] kejian04-partA-isa ---
[23:29:37] 清空会话上下文 (notebooklm clear)
[23:29:37] 清空会话上下文 (notebooklm clear)
[23:29:37] 提问 (207 字, nlm_timeout=180.0s)…
[23:29:37] 提问 (207 字, nlm_timeout=180.0s)…
[23:30:27] 完成 kejian04-partA-isa (50.1s)
[23:30:27] 完成 kejian04-partA-isa (50.1s)
[23:30:27] 等待 8.0s…
[23:30:27] 等待 8.0s…
[23:30:35] --- batch 2/5: [L2+L3] kejian04-partB-riscv ---
[23:30:35] --- batch 2/5: [L2+L3] kejian04-partB-riscv ---
[23:30:35] 清空会话上下文 (notebooklm clear)
[23:30:35] 清空会话上下文 (notebooklm clear)
[23:30:35] 提问 (209 字, nlm_timeout=180.0s)…
[23:30:35] 提问 (209 字, nlm_timeout=180.0s)…
[23:31:23] 完成 kejian04-partB-riscv (47.8s)
[23:31:23] 完成 kejian04-partB-riscv (47.8s)
[23:31:23] 等待 8.0s…
[23:31:23] 等待 8.0s…
[23:31:31] --- batch 3/5: [L2] kejian04-partC-loadstore ---
[23:31:31] --- batch 3/5: [L2] kejian04-partC-loadstore ---
[23:31:31] 清空会话上下文 (notebooklm clear)
[23:31:31] 清空会话上下文 (notebooklm clear)
[23:31:31] 提问 (152 字, nlm_timeout=180.0s)…
[23:31:31] 提问 (152 字, nlm_timeout=180.0s)…
[23:32:14] 完成 kejian04-partC-loadstore (42.4s)
[23:32:14] 完成 kejian04-partC-loadstore (42.4s)
[23:32:14] 等待 8.0s…
[23:32:14] 等待 8.0s…
[23:32:21] --- batch 4/5: [L2+L3] kejian04-partD-addressing ---
[23:32:21] --- batch 4/5: [L2+L3] kejian04-partD-addressing ---
[23:32:21] 清空会话上下文 (notebooklm clear)
[23:32:21] 清空会话上下文 (notebooklm clear)
[23:32:21] 提问 (190 字, nlm_timeout=180.0s)…
[23:32:21] 提问 (190 字, nlm_timeout=180.0s)…
[23:33:10] 完成 kejian04-partD-addressing (49.7s)
[23:33:10] 完成 kejian04-partD-addressing (49.7s)
[23:33:10] 等待 8.0s…
[23:33:10] 等待 8.0s…
[23:33:18] --- batch 5/5: [L3] kejian04-mistakes ---
[23:33:18] --- batch 5/5: [L3] kejian04-mistakes ---
[23:33:18] 清空会话上下文 (notebooklm clear)
[23:33:18] 清空会话上下文 (notebooklm clear)
[23:33:19] 提问 (165 字, nlm_timeout=180.0s)…
[23:33:19] 提问 (165 字, nlm_timeout=180.0s)…
[23:34:09] 完成 kejian04-mistakes (50.5s)
[23:34:09] 完成 kejian04-mistakes (50.5s)
[23:34:09] 采集结束: status=completed | ok=5 skipped=0 failed=0/5 | 重试 0 次 | 耗时 277.47s
[23:34:09] 采集结束: status=completed | ok=5 skipped=0 failed=0/5 | 重试 0 次 | 耗时 277.47s
[2026-06-19T23:34:09+08:00] done kejian04
[2026-06-19T23:34:09+08:00] done kejian04
[2026-06-19T23:34:09+08:00] collect kejian05 attempt 1/3
[2026-06-19T23:34:09+08:00] collect kejian05 attempt 1/3
[23:34:09] 模块: kejian05 | 批次数: 5 | 输出: /home/thesumst/development/jizu/notebooklm-raw/kejian05/runs/20260619-233409
[23:34:09] 模块: kejian05 | 批次数: 5 | 输出: /home/thesumst/development/jizu/notebooklm-raw/kejian05/runs/20260619-233409
[23:34:09] 同步认证…
[23:34:09] 同步认证…
[23:34:11] 认证 OK
[23:34:11] 认证 OK
[23:34:11] 选定 Notebook: e87c0462-b512-40df-8d6a-a0f5d4d30c81
[23:34:11] 选定 Notebook: e87c0462-b512-40df-8d6a-a0f5d4d30c81
[23:34:18] --- batch 1/5: [L2] kejian05-partA-datapath ---
[23:34:18] --- batch 1/5: [L2] kejian05-partA-datapath ---
[23:34:18] 清空会话上下文 (notebooklm clear)
[23:34:18] 清空会话上下文 (notebooklm clear)
[23:34:18] 提问 (295 字, nlm_timeout=180.0s)…
[23:34:18] 提问 (295 字, nlm_timeout=180.0s)…
[23:35:08] 完成 kejian05-partA-datapath (49.9s)
[23:35:08] 完成 kejian05-partA-datapath (49.9s)
[23:35:08] 等待 8.0s…
[23:35:08] 等待 8.0s…
[23:35:16] --- batch 2/5: [L2] kejian05-partB-control ---
[23:35:16] --- batch 2/5: [L2] kejian05-partB-control ---
[23:35:16] 清空会话上下文 (notebooklm clear)
[23:35:16] 清空会话上下文 (notebooklm clear)
[23:35:16] 提问 (221 字, nlm_timeout=180.0s)…
[23:35:16] 提问 (221 字, nlm_timeout=180.0s)…
[23:36:16] 完成 kejian05-partB-control (59.9s)
[23:36:16] 完成 kejian05-partB-control (59.9s)
[23:36:16] 等待 8.0s…
[23:36:16] 等待 8.0s…
[23:36:24] --- batch 3/5: [L2] kejian05-partC-multicycle ---
[23:36:24] --- batch 3/5: [L2] kejian05-partC-multicycle ---
[23:36:24] 清空会话上下文 (notebooklm clear)
[23:36:24] 清空会话上下文 (notebooklm clear)
[23:36:24] 提问 (181 字, nlm_timeout=180.0s)…
[23:36:24] 提问 (181 字, nlm_timeout=180.0s)…
[23:37:16] 完成 kejian05-partC-multicycle (52.2s)
[23:37:16] 完成 kejian05-partC-multicycle (52.2s)
[23:37:16] 等待 8.0s…
[23:37:16] 等待 8.0s…
[23:37:24] --- batch 4/5: [L2] kejian05-partD-micro-exception ---
[23:37:24] --- batch 4/5: [L2] kejian05-partD-micro-exception ---
[23:37:24] 清空会话上下文 (notebooklm clear)
[23:37:24] 清空会话上下文 (notebooklm clear)
[23:37:24] 提问 (167 字, nlm_timeout=180.0s)…
[23:37:24] 提问 (167 字, nlm_timeout=180.0s)…
[23:38:13] 完成 kejian05-partD-micro-exception (48.5s)
[23:38:13] 完成 kejian05-partD-micro-exception (48.5s)
[23:38:13] 等待 8.0s…
[23:38:13] 等待 8.0s…
[23:38:21] --- batch 5/5: [L3] kejian05-mistakes ---
[23:38:21] --- batch 5/5: [L3] kejian05-mistakes ---
[23:38:21] 清空会话上下文 (notebooklm clear)
[23:38:21] 清空会话上下文 (notebooklm clear)
[23:38:21] 提问 (161 字, nlm_timeout=180.0s)…
[23:38:21] 提问 (161 字, nlm_timeout=180.0s)…
[23:39:07] 完成 kejian05-mistakes (46.5s)
[23:39:07] 完成 kejian05-mistakes (46.5s)
[23:39:07] 采集结束: status=completed | ok=5 skipped=0 failed=0/5 | 重试 0 次 | 耗时 298.28s
[23:39:07] 采集结束: status=completed | ok=5 skipped=0 failed=0/5 | 重试 0 次 | 耗时 298.28s
[2026-06-19T23:39:08+08:00] done kejian05
[2026-06-19T23:39:08+08:00] done kejian05
[2026-06-19T23:39:08+08:00] collect kejian06 attempt 1/3
[2026-06-19T23:39:08+08:00] collect kejian06 attempt 1/3
[23:39:08] 模块: kejian06 | 批次数: 6 | 输出: /home/thesumst/development/jizu/notebooklm-raw/kejian06/runs/20260619-233908
[23:39:08] 模块: kejian06 | 批次数: 6 | 输出: /home/thesumst/development/jizu/notebooklm-raw/kejian06/runs/20260619-233908
[23:39:08] 同步认证…
[23:39:08] 同步认证…
[23:39:09] 认证 OK
[23:39:09] 认证 OK
[23:39:09] 选定 Notebook: e87c0462-b512-40df-8d6a-a0f5d4d30c81
[23:39:09] 选定 Notebook: e87c0462-b512-40df-8d6a-a0f5d4d30c81
[23:39:13] --- batch 1/6: [L1] kejian06-partA-basics ---
[23:39:13] --- batch 1/6: [L1] kejian06-partA-basics ---
[23:39:13] 清空会话上下文 (notebooklm clear)
[23:39:13] 清空会话上下文 (notebooklm clear)
[23:39:13] 提问 (188 字, nlm_timeout=180.0s)…
[23:39:13] 提问 (188 字, nlm_timeout=180.0s)…
[23:40:10] 完成 kejian06-partA-basics (56.6s)
[23:40:10] 完成 kejian06-partA-basics (56.6s)
[23:40:10] 等待 8.0s…
[23:40:10] 等待 8.0s…
[23:40:18] --- batch 2/6: [L2] kejian06-partB-datapath ---
[23:40:18] --- batch 2/6: [L2] kejian06-partB-datapath ---
[23:40:18] 清空会话上下文 (notebooklm clear)
[23:40:18] 清空会话上下文 (notebooklm clear)
[23:40:18] 提问 (192 字, nlm_timeout=180.0s)…
[23:40:18] 提问 (192 字, nlm_timeout=180.0s)…
[23:41:05] 完成 kejian06-partB-datapath (46.9s)
[23:41:05] 完成 kejian06-partB-datapath (46.9s)
[23:41:05] 等待 8.0s…
[23:41:05] 等待 8.0s…
[23:41:12] --- batch 3/6: [L2+L3] kejian06-partC-datahazard ---
[23:41:12] 清空会话上下文 (notebooklm clear)
[23:41:12] --- batch 3/6: [L2+L3] kejian06-partC-datahazard ---
[23:41:12] 清空会话上下文 (notebooklm clear)
[23:41:12] 提问 (229 字, nlm_timeout=180.0s)…
[23:41:12] 提问 (229 字, nlm_timeout=180.0s)…
[23:42:34] 完成 kejian06-partC-datahazard (81.9s)
[23:42:34] 完成 kejian06-partC-datahazard (81.9s)
[23:42:34] 等待 8.0s…
[23:42:34] 等待 8.0s…
[23:42:42] --- batch 4/6: [L2] kejian06-partD-controlhazard ---
[23:42:42] --- batch 4/6: [L2] kejian06-partD-controlhazard ---
[23:42:42] 清空会话上下文 (notebooklm clear)
[23:42:42] 清空会话上下文 (notebooklm clear)
[23:42:42] 提问 (172 字, nlm_timeout=180.0s)…
[23:42:42] 提问 (172 字, nlm_timeout=180.0s)…
[23:43:32] 完成 kejian06-partD-controlhazard (50.3s)
[23:43:32] 完成 kejian06-partD-controlhazard (50.3s)
[23:43:32] 等待 8.0s…
[23:43:32] 等待 8.0s…
[23:43:40] --- batch 5/6: [L1] kejian06-partE-advanced ---
[23:43:40] --- batch 5/6: [L1] kejian06-partE-advanced ---
[23:43:40] 清空会话上下文 (notebooklm clear)
[23:43:40] 清空会话上下文 (notebooklm clear)
[23:43:40] 提问 (130 字, nlm_timeout=180.0s)…
[23:43:40] 提问 (130 字, nlm_timeout=180.0s)…
[23:44:23] 完成 kejian06-partE-advanced (42.7s)
[23:44:23] 完成 kejian06-partE-advanced (42.7s)
[23:44:23] 等待 8.0s…
[23:44:23] 等待 8.0s…
[23:44:31] --- batch 6/6: [L3] kejian06-mistakes ---
[23:44:31] --- batch 6/6: [L3] kejian06-mistakes ---
[23:44:31] 清空会话上下文 (notebooklm clear)
[23:44:31] 清空会话上下文 (notebooklm clear)
[23:44:31] 提问 (162 字, nlm_timeout=180.0s)…
[23:44:31] 提问 (162 字, nlm_timeout=180.0s)…
[23:45:14] 完成 kejian06-mistakes (43.2s)
[23:45:14] 完成 kejian06-mistakes (43.2s)
[23:45:14] 采集结束: status=completed | ok=6 skipped=0 failed=0/6 | 重试 0 次 | 耗时 366.7s
[23:45:14] 采集结束: status=completed | ok=6 skipped=0 failed=0/6 | 重试 0 次 | 耗时 366.7s
[2026-06-19T23:45:14+08:00] done kejian06
[2026-06-19T23:45:14+08:00] done kejian06
[2026-06-19T23:45:14+08:00] collect kejian02 attempt 1/3
[2026-06-19T23:45:14+08:00] collect kejian02 attempt 1/3
[23:45:14] 模块: kejian02 | 批次数: 6 | 输出: /home/thesumst/development/jizu/notebooklm-raw/kejian02/runs/20260619-234514
[23:45:14] 模块: kejian02 | 批次数: 6 | 输出: /home/thesumst/development/jizu/notebooklm-raw/kejian02/runs/20260619-234514
[23:45:14] 同步认证…
[23:45:14] 同步认证…
[23:45:16] 认证 OK
[23:45:16] 认证 OK
[23:45:16] 选定 Notebook: e87c0462-b512-40df-8d6a-a0f5d4d30c81
[23:45:16] 选定 Notebook: e87c0462-b512-40df-8d6a-a0f5d4d30c81
[23:45:20] --- batch 1/6: [L2] kejian02-partA-fixed ---
[23:45:20] --- batch 1/6: [L2] kejian02-partA-fixed ---
[23:45:20] 清空会话上下文 (notebooklm clear)
[23:45:20] 清空会话上下文 (notebooklm clear)
[23:45:20] 提问 (214 字, nlm_timeout=180.0s)…
[23:45:20] 提问 (214 字, nlm_timeout=180.0s)…
[23:46:16] 完成 kejian02-partA-fixed (55.6s)
[23:46:16] 完成 kejian02-partA-fixed (55.6s)
[23:46:16] 等待 8.0s…
[23:46:16] 等待 8.0s…
[23:46:24] --- batch 2/6: [L2+L3] kejian02-partB-ieee754 ---
[23:46:24] 清空会话上下文 (notebooklm clear)
[23:46:24] --- batch 2/6: [L2+L3] kejian02-partB-ieee754 ---
[23:46:24] 清空会话上下文 (notebooklm clear)
[23:46:23] 提问 (174 字, nlm_timeout=180.0s)…
[23:46:23] 提问 (174 字, nlm_timeout=180.0s)…
[23:47:12] 完成 kejian02-partB-ieee754 (49.4s)
[23:47:12] 完成 kejian02-partB-ieee754 (49.4s)
[23:47:12] 等待 8.0s…
[23:47:12] 等待 8.0s…
[23:47:20] --- batch 3/6: [L2+L3] kejian02-partC-special ---
[23:47:20] 清空会话上下文 (notebooklm clear)
[23:47:20] --- batch 3/6: [L2+L3] kejian02-partC-special ---
[23:47:20] 清空会话上下文 (notebooklm clear)
[23:47:20] 提问 (177 字, nlm_timeout=180.0s)…
[23:47:20] 提问 (177 字, nlm_timeout=180.0s)…
[23:48:06] 完成 kejian02-partC-special (45.5s)
[23:48:06] 完成 kejian02-partC-special (45.5s)
[23:48:06] 等待 8.0s…
[23:48:06] 等待 8.0s…
[23:48:14] --- batch 4/6: [L1] kejian02-partD-ai-formats ---
[23:48:14] --- batch 4/6: [L1] kejian02-partD-ai-formats ---
[23:48:14] 清空会话上下文 (notebooklm clear)
[23:48:14] 清空会话上下文 (notebooklm clear)
[23:48:14] 提问 (121 字, nlm_timeout=180.0s)…
[23:48:14] 提问 (121 字, nlm_timeout=180.0s)…
[23:49:07] 完成 kejian02-partD-ai-formats (53.6s)
[23:49:07] 完成 kejian02-partD-ai-formats (53.6s)
[23:49:07] 等待 8.0s…
[23:49:07] 等待 8.0s…
[23:49:15] --- batch 5/6: [L2] kejian02-partE-endian ---
[23:49:15] --- batch 5/6: [L2] kejian02-partE-endian ---
[23:49:15] 清空会话上下文 (notebooklm clear)
[23:49:15] 清空会话上下文 (notebooklm clear)
[23:49:16] 提问 (135 字, nlm_timeout=180.0s)…
[23:49:16] 提问 (135 字, nlm_timeout=180.0s)…
[23:49:57] 完成 kejian02-partE-endian (41.2s)
[23:49:57] 完成 kejian02-partE-endian (41.2s)
[23:49:57] 等待 8.0s…
[23:49:57] 等待 8.0s…
[23:50:03] --- batch 6/6: [L3] kejian02-mistakes ---
[23:50:03] --- batch 6/6: [L3] kejian02-mistakes ---
[23:50:03] 清空会话上下文 (notebooklm clear)
[23:50:03] 清空会话上下文 (notebooklm clear)
[23:50:04] 提问 (151 字, nlm_timeout=180.0s)…
[23:50:04] 提问 (151 字, nlm_timeout=180.0s)…
[23:50:51] 完成 kejian02-mistakes (47.7s)
[23:50:51] 完成 kejian02-mistakes (47.7s)
[23:50:51] 采集结束: status=completed | ok=6 skipped=0 failed=0/6 | 重试 0 次 | 耗时 336.9s
[23:50:51] 采集结束: status=completed | ok=6 skipped=0 failed=0/6 | 重试 0 次 | 耗时 336.9s
[2026-06-19T23:50:51+08:00] done kejian02
[2026-06-19T23:50:51+08:00] done kejian02
[2026-06-19T23:50:51+08:00] skip kejian03 (complete)
[2026-06-19T23:50:51+08:00] skip kejian03 (complete)
[2026-06-19T23:50:51+08:00] collect kejian07a attempt 1/3
[2026-06-19T23:50:51+08:00] collect kejian07a attempt 1/3
[23:50:51] 模块: kejian07a | 批次数: 4 | 输出: /home/thesumst/development/jizu/notebooklm-raw/kejian07a/runs/20260619-235051
[23:50:51] 模块: kejian07a | 批次数: 4 | 输出: /home/thesumst/development/jizu/notebooklm-raw/kejian07a/runs/20260619-235051
[23:50:51] 同步认证…
[23:50:51] 同步认证…
[23:50:57] 认证 OK
[23:50:57] 认证 OK
[23:50:57] 选定 Notebook: e87c0462-b512-40df-8d6a-a0f5d4d30c81
[23:50:57] 选定 Notebook: e87c0462-b512-40df-8d6a-a0f5d4d30c81
[23:51:01] --- batch 1/4: [L2+L3] kejian07a-part1-params ---
[23:51:01] --- batch 1/4: [L2+L3] kejian07a-part1-params ---
[23:51:01] 清空会话上下文 (notebooklm clear)
[23:51:01] 清空会话上下文 (notebooklm clear)
[23:51:01] 提问 (254 字, nlm_timeout=180.0s)…
[23:51:01] 提问 (254 字, nlm_timeout=180.0s)…
[23:51:54] 完成 kejian07a-part1-params (53.1s)
[23:51:54] 完成 kejian07a-part1-params (53.1s)
[23:51:54] 等待 8.0s…
[23:51:54] 等待 8.0s…
[23:52:02] --- batch 2/4: [L2] kejian07a-part2-functions ---
[23:52:02] --- batch 2/4: [L2] kejian07a-part2-functions ---
[23:52:02] 清空会话上下文 (notebooklm clear)
[23:52:02] 清空会话上下文 (notebooklm clear)
[23:52:02] 提问 (166 字, nlm_timeout=180.0s)…
[23:52:02] 提问 (166 字, nlm_timeout=180.0s)…
[23:52:41] 完成 kejian07a-part2-functions (38.6s)
[23:52:41] 完成 kejian07a-part2-functions (38.6s)
[23:52:41] 等待 8.0s…
[23:52:41] 等待 8.0s…
[23:52:49] --- batch 3/4: [L2] kejian07a-part3-topology ---
[23:52:49] --- batch 3/4: [L2] kejian07a-part3-topology ---
[23:52:49] 清空会话上下文 (notebooklm clear)
[23:52:49] 清空会话上下文 (notebooklm clear)
[23:52:49] 提问 (171 字, nlm_timeout=180.0s)…
[23:52:49] 提问 (171 字, nlm_timeout=180.0s)…
[23:53:37] 完成 kejian07a-part3-topology (47.4s)
[23:53:37] 完成 kejian07a-part3-topology (47.4s)
[23:53:37] 等待 8.0s…
[23:53:37] 等待 8.0s…
[23:53:43] --- batch 4/4: [L3] kejian07a-mistakes ---
[23:53:43] --- batch 4/4: [L3] kejian07a-mistakes ---
[23:53:43] 清空会话上下文 (notebooklm clear)
[23:53:43] 清空会话上下文 (notebooklm clear)
[23:53:44] 提问 (168 字, nlm_timeout=180.0s)…
[23:53:44] 提问 (168 字, nlm_timeout=180.0s)…
[23:54:23] 完成 kejian07a-mistakes (39.4s)
[23:54:23] 完成 kejian07a-mistakes (39.4s)
[23:54:23] 采集结束: status=completed | ok=4 skipped=0 failed=0/4 | 重试 0 次 | 耗时 211.48s
[23:54:23] 采集结束: status=completed | ok=4 skipped=0 failed=0/4 | 重试 0 次 | 耗时 211.48s
[2026-06-19T23:54:23+08:00] done kejian07a
[2026-06-19T23:54:23+08:00] done kejian07a
[2026-06-19T23:54:23+08:00] collect kejian09 attempt 1/3
[2026-06-19T23:54:23+08:00] collect kejian09 attempt 1/3
[23:54:23] 模块: kejian09 | 批次数: 5 | 输出: /home/thesumst/development/jizu/notebooklm-raw/kejian09/runs/20260619-235423
[23:54:23] 模块: kejian09 | 批次数: 5 | 输出: /home/thesumst/development/jizu/notebooklm-raw/kejian09/runs/20260619-235423
[23:54:23] 同步认证…
[23:54:23] 同步认证…
[23:54:25] 认证 OK
[23:54:25] 认证 OK
[23:54:25] 选定 Notebook: e87c0462-b512-40df-8d6a-a0f5d4d30c81
[23:54:25] 选定 Notebook: e87c0462-b512-40df-8d6a-a0f5d4d30c81
[23:54:28] --- batch 1/5: [L2] kejian09-part1-fivestage ---
[23:54:28] 清空会话上下文 (notebooklm clear)
[23:54:28] --- batch 1/5: [L2] kejian09-part1-fivestage ---
[23:54:28] 清空会话上下文 (notebooklm clear)
[23:54:29] 提问 (214 字, nlm_timeout=180.0s)…
[23:54:29] 提问 (214 字, nlm_timeout=180.0s)…
[23:55:15] 完成 kejian09-part1-fivestage (45.9s)
[23:55:15] 完成 kejian09-part1-fivestage (45.9s)
[23:55:15] 等待 8.0s…
[23:55:15] 等待 8.0s…
[23:55:21] --- batch 2/5: [L2] kejian09-part2-memflow ---
[23:55:21] --- batch 2/5: [L2] kejian09-part2-memflow ---
[23:55:21] 清空会话上下文 (notebooklm clear)
[23:55:21] 清空会话上下文 (notebooklm clear)
[23:55:21] 提问 (126 字, nlm_timeout=180.0s)…
[23:55:21] 提问 (126 字, nlm_timeout=180.0s)…
[23:56:07] 完成 kejian09-part2-memflow (45.5s)
[23:56:07] 完成 kejian09-part2-memflow (45.5s)
[23:56:07] 等待 8.0s…
[23:56:07] 等待 8.0s…
[23:56:15] --- batch 3/5: [L2+L3] kejian09-part3-flush ---
[23:56:15] --- batch 3/5: [L2+L3] kejian09-part3-flush ---
[23:56:15] 清空会话上下文 (notebooklm clear)
[23:56:15] 清空会话上下文 (notebooklm clear)
[23:56:15] 提问 (204 字, nlm_timeout=180.0s)…
[23:56:15] 提问 (204 字, nlm_timeout=180.0s)…
[23:57:05] 完成 kejian09-part3-flush (49.9s)
[23:57:05] 完成 kejian09-part3-flush (49.9s)
[23:57:05] 等待 8.0s…
[23:57:05] 等待 8.0s…
[23:57:13] --- batch 4/5: [L2] kejian09-part4-prediction ---
[23:57:13] --- batch 4/5: [L2] kejian09-part4-prediction ---
[23:57:13] 清空会话上下文 (notebooklm clear)
[23:57:13] 清空会话上下文 (notebooklm clear)
[23:57:13] 提问 (108 字, nlm_timeout=180.0s)…
[23:57:13] 提问 (108 字, nlm_timeout=180.0s)…
[23:58:07] 完成 kejian09-part4-prediction (53.8s)
[23:58:07] 完成 kejian09-part4-prediction (53.8s)
[23:58:07] 等待 8.0s…
[23:58:07] 等待 8.0s…
[23:58:15] --- batch 5/5: [L3] kejian09-mistakes ---
[23:58:15] --- batch 5/5: [L3] kejian09-mistakes ---
[23:58:15] 清空会话上下文 (notebooklm clear)
[23:58:15] 清空会话上下文 (notebooklm clear)
[23:58:15] 提问 (177 字, nlm_timeout=180.0s)…
[23:58:15] 提问 (177 字, nlm_timeout=180.0s)…
[23:59:02] 完成 kejian09-mistakes (47.0s)
[23:59:02] 完成 kejian09-mistakes (47.0s)
[23:59:02] 采集结束: status=completed | ok=5 skipped=0 failed=0/5 | 重试 0 次 | 耗时 278.97s
[23:59:02] 采集结束: status=completed | ok=5 skipped=0 failed=0/5 | 重试 0 次 | 耗时 278.97s
[2026-06-19T23:59:02+08:00] done kejian09
[2026-06-19T23:59:02+08:00] done kejian09
[2026-06-19T23:59:02+08:00] collect kejian10 attempt 1/3
[2026-06-19T23:59:02+08:00] collect kejian10 attempt 1/3
[23:59:02] 模块: kejian10 | 批次数: 6 | 输出: /home/thesumst/development/jizu/notebooklm-raw/kejian10/runs/20260619-235902
[23:59:02] 模块: kejian10 | 批次数: 6 | 输出: /home/thesumst/development/jizu/notebooklm-raw/kejian10/runs/20260619-235902
[23:59:02] 同步认证…
[23:59:02] 同步认证…
[23:59:06] 认证 OK
[23:59:06] 认证 OK
[23:59:06] 选定 Notebook: e87c0462-b512-40df-8d6a-a0f5d4d30c81
[23:59:06] 选定 Notebook: e87c0462-b512-40df-8d6a-a0f5d4d30c81
[23:59:14] --- batch 1/6: [L1] kejian10-part1-dlp ---
[23:59:14] --- batch 1/6: [L1] kejian10-part1-dlp ---
[23:59:14] 清空会话上下文 (notebooklm clear)
[23:59:14] 清空会话上下文 (notebooklm clear)
[23:59:15] 提问 (195 字, nlm_timeout=180.0s)…
[23:59:15] 提问 (195 字, nlm_timeout=180.0s)…
[23:59:56] 完成 kejian10-part1-dlp (41.8s)
[23:59:56] 完成 kejian10-part1-dlp (41.8s)
[23:59:56] 等待 8.0s…
[23:59:56] 等待 8.0s…
[00:00:04] --- batch 2/6: [L2] kejian10-part2-hardware ---
[00:00:04] --- batch 2/6: [L2] kejian10-part2-hardware ---
[00:00:04] 清空会话上下文 (notebooklm clear)
[00:00:04] 清空会话上下文 (notebooklm clear)
[00:00:05] 提问 (150 字, nlm_timeout=180.0s)…
[00:00:05] 提问 (150 字, nlm_timeout=180.0s)…
[00:00:50] 完成 kejian10-part2-hardware (45.7s)
[00:00:50] 完成 kejian10-part2-hardware (45.7s)
[00:00:50] 等待 8.0s…
[00:00:50] 等待 8.0s…
[00:00:58] --- batch 3/6: [L2] kejian10-part3-memory ---
[00:00:58] --- batch 3/6: [L2] kejian10-part3-memory ---
[00:00:58] 清空会话上下文 (notebooklm clear)
[00:00:58] 清空会话上下文 (notebooklm clear)
[00:00:58] 提问 (158 字, nlm_timeout=180.0s)…
[00:00:58] 提问 (158 字, nlm_timeout=180.0s)…
[00:01:51] 完成 kejian10-part3-memory (52.2s)
[00:01:51] 完成 kejian10-part3-memory (52.2s)
[00:01:51] 等待 8.0s…
[00:01:51] 等待 8.0s…
[00:01:59] --- batch 4/6: [L2+L3] kejian10-part4-convoy ---
[00:01:59] --- batch 4/6: [L2+L3] kejian10-part4-convoy ---
[00:01:59] 清空会话上下文 (notebooklm clear)
[00:01:59] 清空会话上下文 (notebooklm clear)
[00:01:59] 提问 (216 字, nlm_timeout=180.0s)…
[00:01:59] 提问 (216 字, nlm_timeout=180.0s)…
[00:02:42] 完成 kejian10-part4-convoy (43.1s)
[00:02:42] 完成 kejian10-part4-convoy (43.1s)
[00:02:42] 等待 8.0s…
[00:02:42] 等待 8.0s…
[00:02:50] --- batch 5/6: [L1] kejian10-part5-gpu ---
[00:02:50] --- batch 5/6: [L1] kejian10-part5-gpu ---
[00:02:50] 清空会话上下文 (notebooklm clear)
[00:02:50] 清空会话上下文 (notebooklm clear)
[00:02:50] 提问 (128 字, nlm_timeout=180.0s)…
[00:02:50] 提问 (128 字, nlm_timeout=180.0s)…
[00:03:35] 完成 kejian10-part5-gpu (44.8s)
[00:03:35] 完成 kejian10-part5-gpu (44.8s)
[00:03:35] 等待 8.0s…
[00:03:35] 等待 8.0s…
[00:03:43] --- batch 6/6: [L3] kejian10-mistakes ---
[00:03:43] --- batch 6/6: [L3] kejian10-mistakes ---
[00:03:43] 清空会话上下文 (notebooklm clear)
[00:03:43] 清空会话上下文 (notebooklm clear)
[00:03:43] 提问 (164 字, nlm_timeout=180.0s)…
[00:03:43] 提问 (164 字, nlm_timeout=180.0s)…
[00:04:29] 完成 kejian10-mistakes (45.9s)
[00:04:29] 完成 kejian10-mistakes (45.9s)
[00:04:29] 采集结束: status=completed | ok=6 skipped=0 failed=0/6 | 重试 0 次 | 耗时 326.8s
[00:04:29] 采集结束: status=completed | ok=6 skipped=0 failed=0/6 | 重试 0 次 | 耗时 326.8s
[2026-06-20T00:04:29+08:00] done kejian10
[2026-06-20T00:04:29+08:00] done kejian10
[2026-06-20T00:04:29+08:00] all remaining deep collection complete
[2026-06-20T00:04:29+08:00] all remaining deep collection complete
