=== Phase 1 collection start Fri Jun 19 23:38:51 CST 2026 ===
--- kejian05 resume ---
[23:38:51] 模块: kejian05 | 批次数: 5 | 输出: /home/thesumst/development/jizu/notebooklm-raw/kejian05/runs/20260619-233409
[23:38:51] 同步认证…
[23:38:53] 认证 OK
[23:38:53] 选定 Notebook: e87c0462-b512-40df-8d6a-a0f5d4d30c81
[23:38:57] --- batch 5/5: [L3] kejian05-mistakes ---
[23:38:57] 清空会话上下文 (notebooklm clear)
[23:38:57] 提问 (161 字, nlm_timeout=180.0s)…
[23:39:42] 完成 kejian05-mistakes (44.3s)
[23:39:42] 采集结束: status=completed | ok=5 skipped=0 failed=0/5 | 重试 0 次 | 耗时 50.12s
kejian05 exit: 0
--- kejian02 ---
[23:39:42] 模块: kejian02 | 批次数: 6 | 输出: /home/thesumst/development/jizu/notebooklm-raw/kejian02/runs/20260619-233942
[23:39:42] 同步认证…
[23:39:43] 认证 OK
[23:39:43] 选定 Notebook: e87c0462-b512-40df-8d6a-a0f5d4d30c81
[23:39:47] --- batch 1/6: [L2] kejian02-partA-fixed ---
[23:39:47] 清空会话上下文 (notebooklm clear)
[23:39:47] 提问 (214 字, nlm_timeout=180.0s)…
[23:40:38] 完成 kejian02-partA-fixed (50.2s)
[23:40:38] 等待 8.0s…
[23:40:44] --- batch 2/6: [L2+L3] kejian02-partB-ieee754 ---
[23:40:44] 清空会话上下文 (notebooklm clear)
[23:40:45] 提问 (174 字, nlm_timeout=180.0s)…
[23:41:33] 完成 kejian02-partB-ieee754 (48.0s)
[23:41:33] 等待 8.0s…
[23:41:41] --- batch 3/6: [L2+L3] kejian02-partC-special ---
[23:41:41] 清空会话上下文 (notebooklm clear)
[23:41:41] 提问 (177 字, nlm_timeout=180.0s)…
[23:42:34] 完成 kejian02-partC-special (53.0s)
[23:42:34] 等待 8.0s…
[23:42:42] --- batch 4/6: [L1] kejian02-partD-ai-formats ---
[23:42:42] 清空会话上下文 (notebooklm clear)
[23:42:42] 提问 (121 字, nlm_timeout=180.0s)…
[23:43:25] 完成 kejian02-partD-ai-formats (42.7s)
[23:43:25] 等待 8.0s…
[23:43:33] --- batch 5/6: [L2] kejian02-partE-endian ---
[23:43:33] 清空会话上下文 (notebooklm clear)
[23:43:33] 提问 (135 字, nlm_timeout=180.0s)…
[23:44:17] 完成 kejian02-partE-endian (44.3s)
[23:44:17] 等待 8.0s…
[23:44:24] --- batch 6/6: [L3] kejian02-mistakes ---
[23:44:24] 清空会话上下文 (notebooklm clear)
[23:44:24] 提问 (151 字, nlm_timeout=180.0s)…
[23:45:17] 完成 kejian02-mistakes (53.2s)
[23:45:17] 采集结束: status=completed | ok=6 skipped=0 failed=0/6 | 重试 0 次 | 耗时 335.36s
kejian02 exit: 0
--- kejian03 ---
[23:45:17] 模块: kejian03 | 批次数: 5 | 输出: /home/thesumst/development/jizu/notebooklm-raw/kejian03/runs/20260619-234517
[23:45:17] 同步认证…
[23:45:19] 认证 OK
[23:45:19] 选定 Notebook: e87c0462-b512-40df-8d6a-a0f5d4d30c81
[23:45:22] --- batch 1/5: [L2] kejian03-part1-alu ---
[23:45:22] 清空会话上下文 (notebooklm clear)
[23:45:22] 提问 (208 字, nlm_timeout=180.0s)…
[23:46:03] 完成 kejian03-part1-alu (41.5s)
[23:46:03] 等待 8.0s…
[23:46:11] --- batch 2/5: [L2+L3] kejian03-part2-addflags ---
[23:46:11] 清空会话上下文 (notebooklm clear)
[23:46:11] 提问 (149 字, nlm_timeout=180.0s)…
[23:46:59] 完成 kejian03-part2-addflags (48.1s)
[23:46:59] 等待 8.0s…
[23:47:07] --- batch 3/5: [L2] kejian03-part3-muldiv ---
[23:47:07] 清空会话上下文 (notebooklm clear)
[23:47:08] 提问 (141 字, nlm_timeout=180.0s)…
[23:47:55] 完成 kejian03-part3-muldiv (47.2s)
[23:47:55] 等待 8.0s…
[23:48:02] --- batch 4/5: [L2] kejian03-part4-floatop ---
[23:48:02] 清空会话上下文 (notebooklm clear)
[23:48:02] 提问 (117 字, nlm_timeout=180.0s)…
[23:48:45] 完成 kejian03-part4-floatop (42.9s)
[23:48:45] 等待 8.0s…
[23:48:53] --- batch 5/5: [L3] kejian03-mistakes ---
[23:48:53] 清空会话上下文 (notebooklm clear)
[23:48:53] 提问 (144 字, nlm_timeout=180.0s)…
[23:49:41] 完成 kejian03-mistakes (48.1s)
[23:49:41] 采集结束: status=completed | ok=5 skipped=0 failed=0/5 | 重试 0 次 | 耗时 263.66s
kejian03 exit: 0
--- kejian06 ---
[23:49:41] 模块: kejian06 | 批次数: 6 | 输出: /home/thesumst/development/jizu/notebooklm-raw/kejian06/runs/20260619-234941
[23:49:41] 同步认证…
[23:49:43] 认证 OK
[23:49:43] 选定 Notebook: e87c0462-b512-40df-8d6a-a0f5d4d30c81
[23:49:47] --- batch 1/6: [L1] kejian06-partA-basics ---
[23:49:47] 清空会话上下文 (notebooklm clear)
[23:49:47] 提问 (188 字, nlm_timeout=180.0s)…
[23:50:29] 完成 kejian06-partA-basics (42.0s)
[23:50:29] 等待 8.0s…
[23:50:36] --- batch 2/6: [L2] kejian06-partB-datapath ---
[23:50:36] 清空会话上下文 (notebooklm clear)
[23:50:36] 提问 (192 字, nlm_timeout=180.0s)…
[23:51:29] 完成 kejian06-partB-datapath (53.5s)
[23:51:29] 等待 8.0s…
[23:51:36] --- batch 3/6: [L2+L3] kejian06-partC-datahazard ---
[23:51:36] 清空会话上下文 (notebooklm clear)
[23:51:36] 提问 (229 字, nlm_timeout=180.0s)…
[23:52:21] 完成 kejian06-partC-datahazard (45.0s)
[23:52:21] 等待 8.0s…
[23:52:29] --- batch 4/6: [L2] kejian06-partD-controlhazard ---
[23:52:29] 清空会话上下文 (notebooklm clear)
[23:52:29] 提问 (172 字, nlm_timeout=180.0s)…
[23:53:15] 完成 kejian06-partD-controlhazard (45.7s)
[23:53:15] 等待 8.0s…
[23:53:23] --- batch 5/6: [L1] kejian06-partE-advanced ---
[23:53:23] 清空会话上下文 (notebooklm clear)
[23:53:23] 提问 (130 字, nlm_timeout=180.0s)…
[23:53:24] 尝试 1 失败 [unknown]: Server disconnected without sending a response.
[23:53:24] 重试 1/3，等待 15s…
[23:53:39] 提问 (130 字, nlm_timeout=180.0s)…
[23:54:24] 完成 kejian06-partE-advanced (60.5s, 重试 1 次)
[23:54:24] 等待 8.0s…
[23:54:32] --- batch 6/6: [L3] kejian06-mistakes ---
[23:54:32] 清空会话上下文 (notebooklm clear)
[23:54:32] 提问 (162 字, nlm_timeout=180.0s)…
[23:55:20] 完成 kejian06-mistakes (48.0s)
[23:55:20] 采集结束: status=completed | ok=6 skipped=0 failed=0/6 | 重试 1 次 | 耗时 338.77s
kejian06 exit: 0
--- kejian07a ---
[23:55:20] 模块: kejian07a | 批次数: 4 | 输出: /home/thesumst/development/jizu/notebooklm-raw/kejian07a/runs/20260619-235520
[23:55:20] 同步认证…
[23:55:23] 认证 OK
[23:55:23] 选定 Notebook: e87c0462-b512-40df-8d6a-a0f5d4d30c81
[23:55:28] --- batch 1/4: [L2+L3] kejian07a-part1-params ---
[23:55:28] 清空会话上下文 (notebooklm clear)
[23:55:28] 提问 (254 字, nlm_timeout=180.0s)…
[23:56:14] 完成 kejian07a-part1-params (45.1s)
[23:56:14] 等待 8.0s…
[23:56:20] --- batch 2/4: [L2] kejian07a-part2-functions ---
[23:56:20] 清空会话上下文 (notebooklm clear)
[23:56:20] 提问 (166 字, nlm_timeout=180.0s)…
[23:57:03] 完成 kejian07a-part2-functions (42.1s)
[23:57:03] 等待 8.0s…
[23:57:11] --- batch 3/4: [L2] kejian07a-part3-topology ---
[23:57:11] 清空会话上下文 (notebooklm clear)
[23:57:11] 提问 (171 字, nlm_timeout=180.0s)…
[23:57:52] 完成 kejian07a-part3-topology (41.0s)
[23:57:52] 等待 8.0s…
[23:58:00] --- batch 4/4: [L3] kejian07a-mistakes ---
[23:58:00] 清空会话上下文 (notebooklm clear)
[23:58:00] 提问 (168 字, nlm_timeout=180.0s)…
[23:58:48] 完成 kejian07a-mistakes (48.7s)
[23:58:49] 采集结束: status=completed | ok=4 skipped=0 failed=0/4 | 重试 0 次 | 耗时 208.6s
kejian07a exit: 0
--- kejian09 ---
[23:58:49] 模块: kejian09 | 批次数: 5 | 输出: /home/thesumst/development/jizu/notebooklm-raw/kejian09/runs/20260619-235849
[23:58:49] 同步认证…
[23:58:50] 认证 OK
[23:58:50] 选定 Notebook: e87c0462-b512-40df-8d6a-a0f5d4d30c81
[23:58:53] --- batch 1/5: [L2] kejian09-part1-fivestage ---
[23:58:53] 清空会话上下文 (notebooklm clear)
[23:58:53] 提问 (214 字, nlm_timeout=180.0s)…
[23:59:34] 完成 kejian09-part1-fivestage (41.0s)
[23:59:34] 等待 8.0s…
[23:59:42] --- batch 2/5: [L2] kejian09-part2-memflow ---
[23:59:42] 清空会话上下文 (notebooklm clear)
[23:59:42] 提问 (126 字, nlm_timeout=180.0s)…
[00:00:54] 完成 kejian09-part2-memflow (71.3s)
[00:00:54] 等待 8.0s…
[00:01:00] --- batch 3/5: [L2+L3] kejian09-part3-flush ---
[00:01:00] 清空会话上下文 (notebooklm clear)
[00:01:01] 提问 (204 字, nlm_timeout=180.0s)…
[00:01:06] 尝试 1 失败 [unknown]: 
[00:01:06] 重试 1/3，等待 15s…
[00:01:21] 提问 (204 字, nlm_timeout=180.0s)…
[00:02:06] 完成 kejian09-part3-flush (65.3s, 重试 1 次)
[00:02:06] 等待 8.0s…
[00:02:14] --- batch 4/5: [L2] kejian09-part4-prediction ---
[00:02:14] 清空会话上下文 (notebooklm clear)
[00:02:14] 提问 (108 字, nlm_timeout=180.0s)…
[00:03:09] 完成 kejian09-part4-prediction (55.2s)
[00:03:09] 等待 8.0s…
[00:03:17] --- batch 5/5: [L3] kejian09-mistakes ---
[00:03:17] 清空会话上下文 (notebooklm clear)
[00:03:17] 提问 (177 字, nlm_timeout=180.0s)…
[00:03:59] 完成 kejian09-mistakes (41.9s)
[00:03:59] 采集结束: status=completed | ok=5 skipped=0 failed=0/5 | 重试 1 次 | 耗时 310.75s
kejian09 exit: 0
--- kejian10 ---
[00:03:59] 模块: kejian10 | 批次数: 6 | 输出: /home/thesumst/development/jizu/notebooklm-raw/kejian10/runs/20260620-000359
[00:03:59] 同步认证…
[00:04:01] 认证 OK
[00:04:01] 选定 Notebook: e87c0462-b512-40df-8d6a-a0f5d4d30c81
[00:04:08] --- batch 1/6: [L1] kejian10-part1-dlp ---
[00:04:08] 清空会话上下文 (notebooklm clear)
[00:04:08] 提问 (195 字, nlm_timeout=180.0s)…
[00:04:52] 完成 kejian10-part1-dlp (43.9s)
[00:04:52] 等待 8.0s…
[00:05:00] --- batch 2/6: [L2] kejian10-part2-hardware ---
[00:05:00] 清空会话上下文 (notebooklm clear)
[00:05:00] 提问 (150 字, nlm_timeout=180.0s)…
[00:05:45] 完成 kejian10-part2-hardware (44.3s)
[00:05:45] 等待 8.0s…
[00:05:53] --- batch 3/6: [L2] kejian10-part3-memory ---
[00:05:53] 清空会话上下文 (notebooklm clear)
[00:05:53] 提问 (158 字, nlm_timeout=180.0s)…
[00:06:33] 完成 kejian10-part3-memory (39.9s)
[00:06:33] 等待 8.0s…
[00:06:41] --- batch 4/6: [L2+L3] kejian10-part4-convoy ---
[00:06:41] 清空会话上下文 (notebooklm clear)
[00:06:41] 提问 (216 字, nlm_timeout=180.0s)…
[00:07:19] 完成 kejian10-part4-convoy (38.0s)
[00:07:19] 等待 8.0s…
[00:07:27] --- batch 5/6: [L1] kejian10-part5-gpu ---
[00:07:27] 清空会话上下文 (notebooklm clear)
[00:07:27] 提问 (128 字, nlm_timeout=180.0s)…
[00:08:12] 完成 kejian10-part5-gpu (44.5s)
[00:08:12] 等待 8.0s…
[00:08:18] --- batch 6/6: [L3] kejian10-mistakes ---
[00:08:18] 清空会话上下文 (notebooklm clear)
[00:08:18] 提问 (164 字, nlm_timeout=180.0s)…
[00:09:07] 完成 kejian10-mistakes (49.0s)
[00:09:07] 采集结束: status=completed | ok=6 skipped=0 failed=0/6 | 重试 0 次 | 耗时 307.98s
kejian10 exit: 0
=== Phase 1 collection done Sat Jun 20 00:09:08 CST 2026 ===
