[21:53:58] 模块: kejian | 批次数: 12 | 输出: /home/thesumst/development/jizu/notebooklm-raw/kejian/runs/20260619-215358
[21:53:58] 同步认证…
[21:54:00] 认证 OK
[21:54:00] 选定 Notebook: e87c0462-b512-40df-8d6a-a0f5d4d30c81
[21:54:04] --- batch 1/12: [L0] kejian01-structure ---
[21:54:04] 清空会话上下文 (notebooklm clear)
[21:54:04] 提问 (427 字, nlm_timeout=120s)…
[21:55:15] 完成 kejian01-structure (71.3s)
[21:55:15] 等待 8.0s…
[21:55:23] --- batch 2/12: [L0] kejian02-structure ---
[21:55:23] 清空会话上下文 (notebooklm clear)
[21:55:24] 提问 (359 字, nlm_timeout=120s)…
[21:56:11] 完成 kejian02-structure (47.5s)
[21:56:11] 等待 8.0s…
[21:56:18] --- batch 3/12: [L0] kejian03-structure ---
[21:56:18] 清空会话上下文 (notebooklm clear)
[21:56:18] 提问 (281 字, nlm_timeout=120s)…
[21:57:15] 完成 kejian03-structure (57.0s)
[21:57:15] 等待 8.0s…
[21:57:22] --- batch 4/12: [L0] kejian04-structure ---
[21:57:22] 清空会话上下文 (notebooklm clear)
[21:57:22] 提问 (289 字, nlm_timeout=120s)…
[21:58:24] 完成 kejian04-structure (61.5s)
[21:58:24] 等待 8.0s…
[21:58:32] --- batch 5/12: [L0] kejian05-structure ---
[21:58:32] 清空会话上下文 (notebooklm clear)
[21:58:32] 提问 (326 字, nlm_timeout=120s)…
[21:59:39] 完成 kejian05-structure (66.9s)
[21:59:39] 等待 8.0s…
[21:59:47] --- batch 6/12: [L0] kejian05b-structure ---
[21:59:47] 清空会话上下文 (notebooklm clear)
[21:59:47] 提问 (330 字, nlm_timeout=120s)…
[22:00:33] 完成 kejian05b-structure (45.7s)
[22:00:33] 等待 8.0s…
[22:00:41] --- batch 7/12: [L0] kejian06-structure ---
[22:00:41] 清空会话上下文 (notebooklm clear)
[22:00:41] 提问 (335 字, nlm_timeout=120s)…
[22:01:57] 完成 kejian06-structure (75.8s)
[22:01:57] 等待 8.0s…
[22:02:03] --- batch 8/12: [L0] kejian07a-structure ---
[22:02:03] 清空会话上下文 (notebooklm clear)
[22:02:04] 提问 (282 字, nlm_timeout=120s)…
[22:02:58] 完成 kejian07a-structure (54.1s)
[22:02:58] 等待 8.0s…
[22:03:05] --- batch 9/12: [L0] kejian07b-structure ---
[22:03:05] 清空会话上下文 (notebooklm clear)
[22:03:05] 提问 (383 字, nlm_timeout=120s)…
[22:03:52] 完成 kejian07b-structure (46.9s)
[22:03:52] 等待 8.0s…
[22:04:00] --- batch 10/12: [L0] kejian08-structure ---
[22:04:00] 清空会话上下文 (notebooklm clear)
[22:04:00] 提问 (348 字, nlm_timeout=120s)…
[22:04:53] 完成 kejian08-structure (53.5s)
[22:04:53] 等待 8.0s…
[22:05:01] --- batch 11/12: [L0] kejian09-structure ---
[22:05:01] 清空会话上下文 (notebooklm clear)
[22:05:02] 提问 (277 字, nlm_timeout=120s)…
[22:05:47] 完成 kejian09-structure (45.3s)
[22:05:47] 等待 8.0s…
[22:05:55] --- batch 12/12: [L0] kejian10-structure ---
[22:05:55] 清空会话上下文 (notebooklm clear)
[22:05:55] 提问 (288 字, nlm_timeout=120s)…
[22:06:52] 完成 kejian10-structure (56.9s)
[22:06:52] 采集结束: status=completed | ok=12 skipped=0 failed=0/12 | 重试 0 次 | 耗时 773.58s
