[23:55:20] 模块: kejian07a | 批次数: 4 | 输出: /home/thesumst/development/jizu/notebooklm-raw/kejian07a/runs/20260619-235520
[23:55:20] 同步认证…
[23:55:23] 认证 OK
[23:55:23] 选定 Notebook: e87c0462-b512-40df-8d6a-a0f5d4d30c81
[23:55:28] --- batch 1/4: [L2+L3] kejian07a-part1-params ---
[23:55:28] 清空会话上下文 (notebooklm clear)
[23:55:28] 提问 (254 字, nlm_timeout=180.0s)…
[23:56:14] 完成 kejian07a-part1-params (45.1s)
[23:56:14] 等待 8.0s…
[23:56:20] --- batch 2/4: [L2] kejian07a-part2-functions ---
[23:56:20] 清空会话上下文 (notebooklm clear)
[23:56:20] 提问 (166 字, nlm_timeout=180.0s)…
[23:57:03] 完成 kejian07a-part2-functions (42.1s)
[23:57:03] 等待 8.0s…
[23:57:11] --- batch 3/4: [L2] kejian07a-part3-topology ---
[23:57:11] 清空会话上下文 (notebooklm clear)
[23:57:11] 提问 (171 字, nlm_timeout=180.0s)…
[23:57:52] 完成 kejian07a-part3-topology (41.0s)
[23:57:52] 等待 8.0s…
[23:58:00] --- batch 4/4: [L3] kejian07a-mistakes ---
[23:58:00] 清空会话上下文 (notebooklm clear)
[23:58:00] 提问 (168 字, nlm_timeout=180.0s)…
[23:58:48] 完成 kejian07a-mistakes (48.7s)
[23:58:49] 采集结束: status=completed | ok=4 skipped=0 failed=0/4 | 重试 0 次 | 耗时 208.6s
