[23:50:51] 模块: kejian07a | 批次数: 4 | 输出: /home/thesumst/development/jizu/notebooklm-raw/kejian07a/runs/20260619-235051
[23:50:51] 同步认证…
[23:50:57] 认证 OK
[23:50:57] 选定 Notebook: e87c0462-b512-40df-8d6a-a0f5d4d30c81
[23:51:01] --- batch 1/4: [L2+L3] kejian07a-part1-params ---
[23:51:01] 清空会话上下文 (notebooklm clear)
[23:51:01] 提问 (254 字, nlm_timeout=180.0s)…
[23:51:54] 完成 kejian07a-part1-params (53.1s)
[23:51:54] 等待 8.0s…
[23:52:02] --- batch 2/4: [L2] kejian07a-part2-functions ---
[23:52:02] 清空会话上下文 (notebooklm clear)
[23:52:02] 提问 (166 字, nlm_timeout=180.0s)…
[23:52:41] 完成 kejian07a-part2-functions (38.6s)
[23:52:41] 等待 8.0s…
[23:52:49] --- batch 3/4: [L2] kejian07a-part3-topology ---
[23:52:49] 清空会话上下文 (notebooklm clear)
[23:52:49] 提问 (171 字, nlm_timeout=180.0s)…
[23:53:37] 完成 kejian07a-part3-topology (47.4s)
[23:53:37] 等待 8.0s…
[23:53:43] --- batch 4/4: [L3] kejian07a-mistakes ---
[23:53:43] 清空会话上下文 (notebooklm clear)
[23:53:44] 提问 (168 字, nlm_timeout=180.0s)…
[23:54:23] 完成 kejian07a-mistakes (39.4s)
[23:54:23] 采集结束: status=completed | ok=4 skipped=0 failed=0/4 | 重试 0 次 | 耗时 211.48s
