[22:23:48] 模块: kejian08 | 批次数: 5 | 输出: /home/thesumst/development/jizu/notebooklm-raw/kejian08/runs/20260619-222348
[22:23:48] 同步认证…
[22:23:49] 认证 OK
[22:23:49] 选定 Notebook: e87c0462-b512-40df-8d6a-a0f5d4d30c81
[22:23:53] --- batch 1/5: [L1] kejian08-partA-parallel ---
[22:23:53] 清空会话上下文 (notebooklm clear)
[22:23:54] 提问 (262 字, nlm_timeout=180.0s)…
[22:24:41] 完成 kejian08-partA-parallel (47.8s)
[22:24:41] 等待 8.0s…
[22:24:49] --- batch 2/5: [L2+L3] kejian08-partB-mesi ---
[22:24:49] 清空会话上下文 (notebooklm clear)
[22:24:49] 提问 (319 字, nlm_timeout=180.0s)…
[22:25:39] 完成 kejian08-partB-mesi (50.0s)
[22:25:39] 等待 8.0s…
[22:25:47] --- batch 3/5: [L2] kejian08-partC-consistency ---
[22:25:47] 清空会话上下文 (notebooklm clear)
[22:25:48] 提问 (235 字, nlm_timeout=180.0s)…
[22:25:53] 尝试 1 失败 [unknown]: 
[22:25:53] 重试 1/3，等待 15s…
[22:26:07] 提问 (235 字, nlm_timeout=180.0s)…
[22:27:01] 完成 kejian08-partC-consistency (73.6s, 重试 1 次)
[22:27:01] 等待 8.0s…
[22:27:08] --- batch 4/5: [L2] kejian08-partD-sync ---
[22:27:08] 清空会话上下文 (notebooklm clear)
[22:27:08] 提问 (216 字, nlm_timeout=180.0s)…
[22:27:57] 完成 kejian08-partD-sync (49.0s)
[22:27:57] 等待 8.0s…
[22:28:05] --- batch 5/5: [L3] kejian08-mistakes ---
[22:28:05] 清空会话上下文 (notebooklm clear)
[22:28:05] 提问 (179 字, nlm_timeout=180.0s)…
[22:28:44] 完成 kejian08-mistakes (38.8s)
[22:28:44] 采集结束: status=completed | ok=5 skipped=0 failed=0/5 | 重试 1 次 | 耗时 296.51s
[22:30:45] 模块: kejian08 | 批次数: 5 | 输出: /home/thesumst/development/jizu/notebooklm-raw/kejian08/runs/20260619-222348
[22:30:45] 同步认证…
[22:30:45] 认证 OK
[22:30:45] 选定 Notebook: e87c0462-b512-40df-8d6a-a0f5d4d30c81
