[00:03:59] 模块: kejian10 | 批次数: 6 | 输出: /home/thesumst/development/jizu/notebooklm-raw/kejian10/runs/20260620-000359
[00:03:59] 同步认证…
[00:04:01] 认证 OK
[00:04:01] 选定 Notebook: e87c0462-b512-40df-8d6a-a0f5d4d30c81
[00:04:08] --- batch 1/6: [L1] kejian10-part1-dlp ---
[00:04:08] 清空会话上下文 (notebooklm clear)
[00:04:08] 提问 (195 字, nlm_timeout=180.0s)…
[00:04:52] 完成 kejian10-part1-dlp (43.9s)
[00:04:52] 等待 8.0s…
[00:05:00] --- batch 2/6: [L2] kejian10-part2-hardware ---
[00:05:00] 清空会话上下文 (notebooklm clear)
[00:05:00] 提问 (150 字, nlm_timeout=180.0s)…
[00:05:45] 完成 kejian10-part2-hardware (44.3s)
[00:05:45] 等待 8.0s…
[00:05:53] --- batch 3/6: [L2] kejian10-part3-memory ---
[00:05:53] 清空会话上下文 (notebooklm clear)
[00:05:53] 提问 (158 字, nlm_timeout=180.0s)…
[00:06:33] 完成 kejian10-part3-memory (39.9s)
[00:06:33] 等待 8.0s…
[00:06:41] --- batch 4/6: [L2+L3] kejian10-part4-convoy ---
[00:06:41] 清空会话上下文 (notebooklm clear)
[00:06:41] 提问 (216 字, nlm_timeout=180.0s)…
[00:07:19] 完成 kejian10-part4-convoy (38.0s)
[00:07:19] 等待 8.0s…
[00:07:27] --- batch 5/6: [L1] kejian10-part5-gpu ---
[00:07:27] 清空会话上下文 (notebooklm clear)
[00:07:27] 提问 (128 字, nlm_timeout=180.0s)…
[00:08:12] 完成 kejian10-part5-gpu (44.5s)
[00:08:12] 等待 8.0s…
[00:08:18] --- batch 6/6: [L3] kejian10-mistakes ---
[00:08:18] 清空会话上下文 (notebooklm clear)
[00:08:18] 提问 (164 字, nlm_timeout=180.0s)…
[00:09:07] 完成 kejian10-mistakes (49.0s)
[00:09:07] 采集结束: status=completed | ok=6 skipped=0 failed=0/6 | 重试 0 次 | 耗时 307.98s
