[23:39:08] 模块: kejian06 | 批次数: 6 | 输出: /home/thesumst/development/jizu/notebooklm-raw/kejian06/runs/20260619-233908
[23:39:08] 同步认证…
[23:39:09] 认证 OK
[23:39:09] 选定 Notebook: e87c0462-b512-40df-8d6a-a0f5d4d30c81
[23:39:13] --- batch 1/6: [L1] kejian06-partA-basics ---
[23:39:13] 清空会话上下文 (notebooklm clear)
[23:39:13] 提问 (188 字, nlm_timeout=180.0s)…
[23:40:10] 完成 kejian06-partA-basics (56.6s)
[23:40:10] 等待 8.0s…
[23:40:18] --- batch 2/6: [L2] kejian06-partB-datapath ---
[23:40:18] 清空会话上下文 (notebooklm clear)
[23:40:18] 提问 (192 字, nlm_timeout=180.0s)…
[23:41:05] 完成 kejian06-partB-datapath (46.9s)
[23:41:05] 等待 8.0s…
[23:41:12] --- batch 3/6: [L2+L3] kejian06-partC-datahazard ---
[23:41:12] 清空会话上下文 (notebooklm clear)
[23:41:12] 提问 (229 字, nlm_timeout=180.0s)…
[23:42:34] 完成 kejian06-partC-datahazard (81.9s)
[23:42:34] 等待 8.0s…
[23:42:42] --- batch 4/6: [L2] kejian06-partD-controlhazard ---
[23:42:42] 清空会话上下文 (notebooklm clear)
[23:42:42] 提问 (172 字, nlm_timeout=180.0s)…
[23:43:32] 完成 kejian06-partD-controlhazard (50.3s)
[23:43:32] 等待 8.0s…
[23:43:40] --- batch 5/6: [L1] kejian06-partE-advanced ---
[23:43:40] 清空会话上下文 (notebooklm clear)
[23:43:40] 提问 (130 字, nlm_timeout=180.0s)…
[23:44:23] 完成 kejian06-partE-advanced (42.7s)
[23:44:23] 等待 8.0s…
[23:44:31] --- batch 6/6: [L3] kejian06-mistakes ---
[23:44:31] 清空会话上下文 (notebooklm clear)
[23:44:31] 提问 (162 字, nlm_timeout=180.0s)…
[23:45:14] 完成 kejian06-mistakes (43.2s)
[23:45:14] 采集结束: status=completed | ok=6 skipped=0 failed=0/6 | 重试 0 次 | 耗时 366.7s
