[22:23:48] 模块: kejian05b | 批次数: 6 | 输出: /home/thesumst/development/jizu/notebooklm-raw/kejian05b/runs/20260619-222348
[22:23:48] 同步认证…
[22:23:50] 认证 OK
[22:23:50] 选定 Notebook: e87c0462-b512-40df-8d6a-a0f5d4d30c81
[22:23:54] --- batch 1/6: [L1] kejian05b-partA-ilp ---
[22:23:54] 清空会话上下文 (notebooklm clear)
[22:23:54] 提问 (208 字, nlm_timeout=180.0s)…
[22:24:41] 完成 kejian05b-partA-ilp (47.3s)
[22:24:41] 等待 8.0s…
[22:24:49] --- batch 2/6: [L2] kejian05b-partB-static ---
[22:24:49] 清空会话上下文 (notebooklm clear)
[22:24:49] 提问 (143 字, nlm_timeout=180.0s)…
[22:25:32] 完成 kejian05b-partB-static (42.5s)
[22:25:32] 等待 8.0s…
[22:25:40] --- batch 3/6: [L2+L3] kejian05b-partC-tomasulo ---
[22:25:40] 清空会话上下文 (notebooklm clear)
[22:25:40] 提问 (285 字, nlm_timeout=180.0s)…
[22:25:53] 尝试 1 失败 [unknown]: Server disconnected without sending a response.
[22:25:53] 重试 1/3，等待 15s…
[22:26:07] 提问 (285 字, nlm_timeout=180.0s)…
[22:27:11] 完成 kejian05b-partC-tomasulo (91.1s, 重试 1 次)
[22:27:11] 等待 8.0s…
[22:27:19] --- batch 4/6: [L2+L3] kejian05b-partD-rob ---
[22:27:19] 清空会话上下文 (notebooklm clear)
[22:27:19] 提问 (227 字, nlm_timeout=180.0s)…
[22:27:21] 尝试 1 失败 [unknown]: Request failed calling GET_NOTEBOOK: Server disconnected without sending a response.
[22:27:21] 重试 1/3，等待 15s…
[22:27:36] 提问 (227 字, nlm_timeout=180.0s)…
[22:27:37] 尝试 2 失败 [unknown]: Request failed calling GET_NOTEBOOK: Server disconnected without sending a response.
[22:27:37] 重试 2/3，等待 30s…
[22:28:07] 提问 (227 字, nlm_timeout=180.0s)…
[22:28:54] 完成 kejian05b-partD-rob (95.0s, 重试 2 次)
[22:28:54] 等待 8.0s…
[22:29:02] --- batch 5/6: [L2] kejian05b-partE-superscalar ---
[22:29:02] 清空会话上下文 (notebooklm clear)
[22:29:02] 提问 (176 字, nlm_timeout=180.0s)…
[22:29:47] 完成 kejian05b-partE-superscalar (44.4s)
[22:29:47] 等待 8.0s…
[22:29:55] --- batch 6/6: [L3] kejian05b-mistakes ---
[22:29:55] 清空会话上下文 (notebooklm clear)
[22:29:55] 提问 (175 字, nlm_timeout=180.0s)…
[22:30:37] 完成 kejian05b-mistakes (42.1s)
[22:30:37] 采集结束: status=completed | ok=6 skipped=0 failed=0/6 | 重试 3 次 | 耗时 408.81s
[22:30:39] 模块: kejian05b | 批次数: 6 | 输出: /home/thesumst/development/jizu/notebooklm-raw/kejian05b/runs/20260619-222348
[22:30:39] 同步认证…
[22:30:41] 认证 OK
[22:30:41] 选定 Notebook: e87c0462-b512-40df-8d6a-a0f5d4d30c81
[22:30:45] 采集结束: status=completed | ok=6 skipped=0 failed=0/6 | 重试 0 次 | 耗时 5.75s
