[23:49:41] 模块: kejian06 | 批次数: 6 | 输出: /home/thesumst/development/jizu/notebooklm-raw/kejian06/runs/20260619-234941
[23:49:41] 同步认证…
[23:49:43] 认证 OK
[23:49:43] 选定 Notebook: e87c0462-b512-40df-8d6a-a0f5d4d30c81
[23:49:47] --- batch 1/6: [L1] kejian06-partA-basics ---
[23:49:47] 清空会话上下文 (notebooklm clear)
[23:49:47] 提问 (188 字, nlm_timeout=180.0s)…
[23:50:29] 完成 kejian06-partA-basics (42.0s)
[23:50:29] 等待 8.0s…
[23:50:36] --- batch 2/6: [L2] kejian06-partB-datapath ---
[23:50:36] 清空会话上下文 (notebooklm clear)
[23:50:36] 提问 (192 字, nlm_timeout=180.0s)…
[23:51:29] 完成 kejian06-partB-datapath (53.5s)
[23:51:29] 等待 8.0s…
[23:51:36] --- batch 3/6: [L2+L3] kejian06-partC-datahazard ---
[23:51:36] 清空会话上下文 (notebooklm clear)
[23:51:36] 提问 (229 字, nlm_timeout=180.0s)…
[23:52:21] 完成 kejian06-partC-datahazard (45.0s)
[23:52:21] 等待 8.0s…
[23:52:29] --- batch 4/6: [L2] kejian06-partD-controlhazard ---
[23:52:29] 清空会话上下文 (notebooklm clear)
[23:52:29] 提问 (172 字, nlm_timeout=180.0s)…
[23:53:15] 完成 kejian06-partD-controlhazard (45.7s)
[23:53:15] 等待 8.0s…
[23:53:23] --- batch 5/6: [L1] kejian06-partE-advanced ---
[23:53:23] 清空会话上下文 (notebooklm clear)
[23:53:23] 提问 (130 字, nlm_timeout=180.0s)…
[23:53:24] 尝试 1 失败 [unknown]: Server disconnected without sending a response.
[23:53:24] 重试 1/3，等待 15s…
[23:53:39] 提问 (130 字, nlm_timeout=180.0s)…
[23:54:24] 完成 kejian06-partE-advanced (60.5s, 重试 1 次)
[23:54:24] 等待 8.0s…
[23:54:32] --- batch 6/6: [L3] kejian06-mistakes ---
[23:54:32] 清空会话上下文 (notebooklm clear)
[23:54:32] 提问 (162 字, nlm_timeout=180.0s)…
[23:55:20] 完成 kejian06-mistakes (48.0s)
[23:55:20] 采集结束: status=completed | ok=6 skipped=0 failed=0/6 | 重试 1 次 | 耗时 338.77s
