[14:49:26] 模块: part4-week10-11 | 批次数: 6 | 输出: /home/thesumst/.cursor/worktrees/jizu__SSH__wsl_/q26h/notebooklm-raw/part4-week10-11/runs/20260616-144926
[14:49:26] 同步认证…
[14:49:27] 认证 OK
[14:49:27] 选定 Notebook: e87c0462-b512-40df-8d6a-a0f5d4d30c81
[14:49:32] --- batch 1/6: [L0] L0-positioning ---
[14:49:32] 清空会话上下文 (notebooklm clear)
[14:49:32] 提问 (160 字, nlm_timeout=120s)…
[14:50:20] 完成 L0-positioning (48.1s)
[14:50:20] 等待 8.0s…
[14:50:28] --- batch 2/6: [L1+L2] w10-virtual-memory ---
[14:50:28] 清空会话上下文 (notebooklm clear)
[14:50:28] 提问 (120 字, nlm_timeout=120s)…
[14:51:23] 完成 w10-virtual-memory (54.5s)
[14:51:23] 等待 8.0s…
[14:51:31] --- batch 3/6: [L2] w10-sv39-page-table ---
[14:51:31] 清空会话上下文 (notebooklm clear)
[14:51:31] 提问 (158 字, nlm_timeout=120s)…
[14:52:31] 完成 w10-sv39-page-table (59.8s)
[14:52:31] 等待 8.0s…
[14:52:39] --- batch 4/6: [L2] w11-satp-tlb-sfence ---
[14:52:39] 清空会话上下文 (notebooklm clear)
[14:52:39] 提问 (172 字, nlm_timeout=120s)…
[14:53:28] 完成 w11-satp-tlb-sfence (49.4s)
[14:53:28] 等待 8.0s…
[14:53:36] --- batch 5/6: [L5] lab45-crossref ---
[14:53:36] 清空会话上下文 (notebooklm clear)
[14:53:36] 提问 (183 字, nlm_timeout=120s)…
[14:54:34] 完成 lab45-crossref (57.6s)
[14:54:34] 等待 8.0s…
[14:54:42] --- batch 6/6: [L3+L4] w1011-mistakes-bridge ---
[14:54:42] 清空会话上下文 (notebooklm clear)
[14:54:42] 提问 (144 字, nlm_timeout=120s)…
[14:55:43] 完成 w1011-mistakes-bridge (60.6s)
[14:55:43] 采集结束: status=completed | ok=6 skipped=0 failed=0/6 | 重试 0 次 | 耗时 376.17s
