[23:39:42] 模块: kejian02 | 批次数: 6 | 输出: /home/thesumst/development/jizu/notebooklm-raw/kejian02/runs/20260619-233942
[23:39:42] 同步认证…
[23:39:43] 认证 OK
[23:39:43] 选定 Notebook: e87c0462-b512-40df-8d6a-a0f5d4d30c81
[23:39:47] --- batch 1/6: [L2] kejian02-partA-fixed ---
[23:39:47] 清空会话上下文 (notebooklm clear)
[23:39:47] 提问 (214 字, nlm_timeout=180.0s)…
[23:40:38] 完成 kejian02-partA-fixed (50.2s)
[23:40:38] 等待 8.0s…
[23:40:44] --- batch 2/6: [L2+L3] kejian02-partB-ieee754 ---
[23:40:44] 清空会话上下文 (notebooklm clear)
[23:40:45] 提问 (174 字, nlm_timeout=180.0s)…
[23:41:33] 完成 kejian02-partB-ieee754 (48.0s)
[23:41:33] 等待 8.0s…
[23:41:41] --- batch 3/6: [L2+L3] kejian02-partC-special ---
[23:41:41] 清空会话上下文 (notebooklm clear)
[23:41:41] 提问 (177 字, nlm_timeout=180.0s)…
[23:42:34] 完成 kejian02-partC-special (53.0s)
[23:42:34] 等待 8.0s…
[23:42:42] --- batch 4/6: [L1] kejian02-partD-ai-formats ---
[23:42:42] 清空会话上下文 (notebooklm clear)
[23:42:42] 提问 (121 字, nlm_timeout=180.0s)…
[23:43:25] 完成 kejian02-partD-ai-formats (42.7s)
[23:43:25] 等待 8.0s…
[23:43:33] --- batch 5/6: [L2] kejian02-partE-endian ---
[23:43:33] 清空会话上下文 (notebooklm clear)
[23:43:33] 提问 (135 字, nlm_timeout=180.0s)…
[23:44:17] 完成 kejian02-partE-endian (44.3s)
[23:44:17] 等待 8.0s…
[23:44:24] --- batch 6/6: [L3] kejian02-mistakes ---
[23:44:24] 清空会话上下文 (notebooklm clear)
[23:44:24] 提问 (151 字, nlm_timeout=180.0s)…
[23:45:17] 完成 kejian02-mistakes (53.2s)
[23:45:17] 采集结束: status=completed | ok=6 skipped=0 failed=0/6 | 重试 0 次 | 耗时 335.36s
