[23:34:09] 模块: kejian05 | 批次数: 5 | 输出: /home/thesumst/development/jizu/notebooklm-raw/kejian05/runs/20260619-233409
[23:34:09] 同步认证…
[23:34:11] 认证 OK
[23:34:11] 选定 Notebook: e87c0462-b512-40df-8d6a-a0f5d4d30c81
[23:34:18] --- batch 1/5: [L2] kejian05-partA-datapath ---
[23:34:18] 清空会话上下文 (notebooklm clear)
[23:34:18] 提问 (295 字, nlm_timeout=180.0s)…
[23:35:08] 完成 kejian05-partA-datapath (49.9s)
[23:35:08] 等待 8.0s…
[23:35:16] --- batch 2/5: [L2] kejian05-partB-control ---
[23:35:16] 清空会话上下文 (notebooklm clear)
[23:35:16] 提问 (221 字, nlm_timeout=180.0s)…
[23:36:16] 完成 kejian05-partB-control (59.9s)
[23:36:16] 等待 8.0s…
[23:36:24] --- batch 3/5: [L2] kejian05-partC-multicycle ---
[23:36:24] 清空会话上下文 (notebooklm clear)
[23:36:24] 提问 (181 字, nlm_timeout=180.0s)…
[23:37:16] 完成 kejian05-partC-multicycle (52.2s)
[23:37:16] 等待 8.0s…
[23:37:24] --- batch 4/5: [L2] kejian05-partD-micro-exception ---
[23:37:24] 清空会话上下文 (notebooklm clear)
[23:37:24] 提问 (167 字, nlm_timeout=180.0s)…
[23:38:13] 完成 kejian05-partD-micro-exception (48.5s)
[23:38:13] 等待 8.0s…
[23:38:21] --- batch 5/5: [L3] kejian05-mistakes ---
[23:38:21] 清空会话上下文 (notebooklm clear)
[23:38:21] 提问 (161 字, nlm_timeout=180.0s)…
[23:38:51] 模块: kejian05 | 批次数: 5 | 输出: /home/thesumst/development/jizu/notebooklm-raw/kejian05/runs/20260619-233409
[23:38:51] 同步认证…
[23:38:53] 认证 OK
[23:38:53] 选定 Notebook: e87c0462-b512-40df-8d6a-a0f5d4d30c81
[23:38:57] --- batch 5/5: [L3] kejian05-mistakes ---
[23:38:57] 清空会话上下文 (notebooklm clear)
[23:38:57] 提问 (161 字, nlm_timeout=180.0s)…
[23:39:07] 完成 kejian05-mistakes (46.5s)
[23:39:07] 采集结束: status=completed | ok=5 skipped=0 failed=0/5 | 重试 0 次 | 耗时 298.28s
[23:39:42] 完成 kejian05-mistakes (44.3s)
[23:39:42] 采集结束: status=completed | ok=5 skipped=0 failed=0/5 | 重试 0 次 | 耗时 50.12s
