[23:29:32] 模块: kejian04 | 批次数: 5 | 输出: /home/thesumst/development/jizu/notebooklm-raw/kejian04/runs/20260619-232932
[23:29:32] 同步认证…
[23:29:33] 认证 OK
[23:29:33] 选定 Notebook: e87c0462-b512-40df-8d6a-a0f5d4d30c81
[23:29:37] --- batch 1/5: [L1] kejian04-partA-isa ---
[23:29:37] 清空会话上下文 (notebooklm clear)
[23:29:37] 提问 (207 字, nlm_timeout=180.0s)…
[23:30:27] 完成 kejian04-partA-isa (50.1s)
[23:30:27] 等待 8.0s…
[23:30:35] --- batch 2/5: [L2+L3] kejian04-partB-riscv ---
[23:30:35] 清空会话上下文 (notebooklm clear)
[23:30:35] 提问 (209 字, nlm_timeout=180.0s)…
[23:31:23] 完成 kejian04-partB-riscv (47.8s)
[23:31:23] 等待 8.0s…
[23:31:31] --- batch 3/5: [L2] kejian04-partC-loadstore ---
[23:31:31] 清空会话上下文 (notebooklm clear)
[23:31:31] 提问 (152 字, nlm_timeout=180.0s)…
[23:32:14] 完成 kejian04-partC-loadstore (42.4s)
[23:32:14] 等待 8.0s…
[23:32:21] --- batch 4/5: [L2+L3] kejian04-partD-addressing ---
[23:32:21] 清空会话上下文 (notebooklm clear)
[23:32:21] 提问 (190 字, nlm_timeout=180.0s)…
[23:33:10] 完成 kejian04-partD-addressing (49.7s)
[23:33:10] 等待 8.0s…
[23:33:18] --- batch 5/5: [L3] kejian04-mistakes ---
[23:33:18] 清空会话上下文 (notebooklm clear)
[23:33:19] 提问 (165 字, nlm_timeout=180.0s)…
[23:34:09] 完成 kejian04-mistakes (50.5s)
[23:34:09] 采集结束: status=completed | ok=5 skipped=0 failed=0/5 | 重试 0 次 | 耗时 277.47s
