[15:22:41] 模块: part5-week12 | 批次数: 5 | 输出: /home/thesumst/.cursor/worktrees/jizu__SSH__wsl_/q26h/notebooklm-raw/part5-week12/runs/20260616-152241
[15:22:41] 同步认证…
[15:22:41] 认证 OK
[15:22:41] 选定 Notebook: e87c0462-b512-40df-8d6a-a0f5d4d30c81
[15:22:47] --- batch 1/5: [L0] L0-positioning ---
[15:22:47] 清空会话上下文 (notebooklm clear)
[15:22:47] 提问 (117 字, nlm_timeout=120s)…
[15:23:42] 完成 L0-positioning (54.9s)
[15:23:42] 等待 8.0s…
[15:23:50] --- batch 2/5: [L2] w12-cache-org ---
[15:23:50] 清空会话上下文 (notebooklm clear)
[15:23:50] 提问 (100 字, nlm_timeout=120s)…
[15:24:44] 完成 w12-cache-org (54.2s)
[15:24:44] 等待 8.0s…
[15:24:52] --- batch 3/5: [L2] w12-write-policy ---
[15:24:52] 清空会话上下文 (notebooklm clear)
[15:24:52] 提问 (88 字, nlm_timeout=120s)…
[15:25:39] 完成 w12-write-policy (47.4s)
[15:25:39] 等待 8.0s…
[15:25:47] --- batch 4/5: [L5] lab6-crossref ---
[15:25:47] 清空会话上下文 (notebooklm clear)
[15:25:48] 提问 (123 字, nlm_timeout=120s)…
[15:26:35] 完成 lab6-crossref (47.0s)
[15:26:35] 等待 8.0s…
[15:26:43] --- batch 5/5: [L3+L4] w12-mistakes-bridge ---
[15:26:43] 清空会话上下文 (notebooklm clear)
[15:26:43] 提问 (83 字, nlm_timeout=120s)…
[15:26:50] 尝试 1 失败 [unknown]: Connection failed calling GET_NOTEBOOK: 
[15:26:50] 重试 1/3，等待 15s…
[15:27:05] 提问 (83 字, nlm_timeout=120s)…
[15:27:49] 完成 w12-mistakes-bridge (66.0s, 重试 1 次)
[15:27:49] 采集结束: status=completed | ok=5 skipped=0 failed=0/5 | 重试 1 次 | 耗时 307.33s
