[23:59:02] 模块: kejian10 | 批次数: 6 | 输出: /home/thesumst/development/jizu/notebooklm-raw/kejian10/runs/20260619-235902
[23:59:02] 同步认证…
[23:59:06] 认证 OK
[23:59:06] 选定 Notebook: e87c0462-b512-40df-8d6a-a0f5d4d30c81
[23:59:14] --- batch 1/6: [L1] kejian10-part1-dlp ---
[23:59:14] 清空会话上下文 (notebooklm clear)
[23:59:15] 提问 (195 字, nlm_timeout=180.0s)…
[23:59:56] 完成 kejian10-part1-dlp (41.8s)
[23:59:56] 等待 8.0s…
[00:00:04] --- batch 2/6: [L2] kejian10-part2-hardware ---
[00:00:04] 清空会话上下文 (notebooklm clear)
[00:00:05] 提问 (150 字, nlm_timeout=180.0s)…
[00:00:50] 完成 kejian10-part2-hardware (45.7s)
[00:00:50] 等待 8.0s…
[00:00:58] --- batch 3/6: [L2] kejian10-part3-memory ---
[00:00:58] 清空会话上下文 (notebooklm clear)
[00:00:58] 提问 (158 字, nlm_timeout=180.0s)…
[00:01:51] 完成 kejian10-part3-memory (52.2s)
[00:01:51] 等待 8.0s…
[00:01:59] --- batch 4/6: [L2+L3] kejian10-part4-convoy ---
[00:01:59] 清空会话上下文 (notebooklm clear)
[00:01:59] 提问 (216 字, nlm_timeout=180.0s)…
[00:02:42] 完成 kejian10-part4-convoy (43.1s)
[00:02:42] 等待 8.0s…
[00:02:50] --- batch 5/6: [L1] kejian10-part5-gpu ---
[00:02:50] 清空会话上下文 (notebooklm clear)
[00:02:50] 提问 (128 字, nlm_timeout=180.0s)…
[00:03:35] 完成 kejian10-part5-gpu (44.8s)
[00:03:35] 等待 8.0s…
[00:03:43] --- batch 6/6: [L3] kejian10-mistakes ---
[00:03:43] 清空会话上下文 (notebooklm clear)
[00:03:43] 提问 (164 字, nlm_timeout=180.0s)…
[00:04:29] 完成 kejian10-mistakes (45.9s)
[00:04:29] 采集结束: status=completed | ok=6 skipped=0 failed=0/6 | 重试 0 次 | 耗时 326.8s
