[15:12:18] 模块: part3-week7-9 | 批次数: 6 | 输出: /home/thesumst/.cursor/worktrees/jizu__SSH__wsl_/q26h/notebooklm-raw/part3-week7-9/runs/20260616-151218
[15:12:18] 同步认证…
[15:12:18] 认证 OK
[15:12:18] 选定 Notebook: e87c0462-b512-40df-8d6a-a0f5d4d30c81
[15:12:24] --- batch 1/6: [L0] L0-positioning ---
[15:12:24] 清空会话上下文 (notebooklm clear)
[15:12:24] 提问 (128 字, nlm_timeout=120s)…
[15:13:05] 完成 L0-positioning (40.8s)
[15:13:05] 等待 8.0s…
[15:13:13] --- batch 2/6: [L2] w7-pipeline-hazards ---
[15:13:13] 清空会话上下文 (notebooklm clear)
[15:13:13] 提问 (134 字, nlm_timeout=120s)…
[15:14:05] 完成 w7-pipeline-hazards (51.5s)
[15:14:05] 等待 8.0s…
[15:14:13] --- batch 3/6: [L2] w8-ilp-scheduling ---
[15:14:13] 清空会话上下文 (notebooklm clear)
[15:14:13] 提问 (117 字, nlm_timeout=120s)…
[15:15:02] 完成 w8-ilp-scheduling (49.1s)
[15:15:02] 等待 8.0s…
[15:15:10] --- batch 4/6: [L1] w9-short-week ---
[15:15:10] 清空会话上下文 (notebooklm clear)
[15:15:10] 提问 (66 字, nlm_timeout=120s)…
[15:15:53] 完成 w9-short-week (43.3s)
[15:15:53] 等待 8.0s…
[15:16:01] --- batch 5/6: [L5] lab-pipeline-crossref ---
[15:16:01] 清空会话上下文 (notebooklm clear)
[15:16:01] 提问 (127 字, nlm_timeout=120s)…
[15:16:49] 完成 lab-pipeline-crossref (47.2s)
[15:16:49] 等待 8.0s…
[15:16:57] --- batch 6/6: [L3] w79-mistakes ---
[15:16:57] 清空会话上下文 (notebooklm clear)
[15:16:57] 提问 (84 字, nlm_timeout=120s)…
[15:17:45] 完成 w79-mistakes (47.9s)
[15:17:45] 采集结束: status=completed | ok=6 skipped=0 failed=0/6 | 重试 0 次 | 耗时 326.59s
